Log file open, 11/18/17 19:07:05
LogWindows: Failed to load 'aqProf.dll' (GetLastError=126)
LogWindows: File 'aqProf.dll' does not exist
LogWindows: Failed to load 'VSPerf140.dll' (GetLastError=126)
LogWindows: File 'VSPerf140.dll' does not exist
LogWindows: Failed to load 'VtuneApi.dll' (GetLastError=126)
LogWindows: File 'VtuneApi.dll' does not exist
LogWindows: Failed to load 'VtuneApi32e.dll' (GetLastError=126)
LogWindows: File 'VtuneApi32e.dll' does not exist
LogInit: Display: Running engine for game: DejoMisoKonji
LogPlatformFile: Not using cached read wrapper
LogInit: Display: RandInit(366805688) SRandInit(366805688).
LogInit: Read version file with build ID '3709383'
LogInit: Overriding engine version to CL 3754814, compatible CL 3709383
LogInit: Registered custom module enumerator with build ID '3709383'
LogTaskGraph: Started task graph with 5 named threads and 8 total threads with 3 sets of task threads.
LogStats: Stats thread started at 0.120292
LogD3D11RHI: Aftermath initialized
LogModuleManager: Display: Found up-to-date module file ../../../Engine/Plugins/2D/Paper2D/Binaries/Win64/UE4Editor-Paper2D.dll (API version 3709383).
LogModuleManager: Display: Found up-to-date module file ../../../Engine/Plugins/2D/Paper2D/Binaries/Win64/UE4Editor-Paper2DEditor.dll (API version 3709383).
LogModuleManager: Display: Found up-to-date module file ../../../Engine/Plugins/2D/Paper2D/Binaries/Win64/UE4Editor-PaperSpriteSheetImporter.dll (API version 3709383).
LogModuleManager: Display: Found up-to-date module file ../../../Engine/Plugins/2D/Paper2D/Binaries/Win64/UE4Editor-PaperTiledImporter.dll (API version 3709383).
LogModuleManager: Display: Found up-to-date module file ../../../Engine/Plugins/2D/Paper2D/Binaries/Win64/UE4Editor-SmartSnapping.dll (API version 3709383).
LogModuleManager: Display: Found up-to-date module file ../../../Engine/Plugins/Blendables/LightPropagationVolume/Binaries/Win64/UE4Editor-LightPropagationVolumeRuntime.dll (API version 3709383).
LogModuleManager: Display: Found up-to-date module file ../../../Engine/Plugins/Blendables/LightPropagationVolume/Binaries/Win64/UE4Editor-LightPropagationVolumeEditor.dll (API version 3709383).
LogModuleManager: Display: Found up-to-date module file ../../../Engine/Plugins/Developer/GitSourceControl/Binaries/Win64/UE4Editor-GitSourceControl.dll (API version 3709383).
LogModuleManager: Display: Found up-to-date module file ../../../Engine/Plugins/Developer/PerforceSourceControl/Binaries/Win64/UE4Editor-PerforceSourceControl.dll (API version 3709383).
LogModuleManager: Display: Found up-to-date module file ../../../Engine/Plugins/Developer/SubversionSourceControl/Binaries/Win64/UE4Editor-SubversionSourceControl.dll (API version 3709383).
LogModuleManager: Display: Found up-to-date module file ../../../Engine/Plugins/Developer/UObjectPlugin/Binaries/Win64/UE4Editor-UObjectPlugin.dll (API version 3709383).
LogModuleManager: Display: Found up-to-date module file ../../../Engine/Plugins/Developer/VisualStudioCodeSourceCodeAccess/Binaries/Win64/UE4Editor-VisualStudioCodeSourceCodeAccess.dll (API version 3709383).
LogModuleManager: Display: Found up-to-date module file ../../../Engine/Plugins/Developer/VisualStudioSourceCodeAccess/Binaries/Win64/UE4Editor-VisualStudioSourceCodeAccess.dll (API version 3709383).
LogModuleManager: Display: Found up-to-date module file ../../../Engine/Plugins/Editor/AssetManagerEditor/Binaries/Win64/UE4Editor-AssetManagerEditor.dll (API version 3709383).
LogModuleManager: Display: Found up-to-date module file ../../../Engine/Plugins/Editor/AudioCapture/Binaries/Win64/UE4Editor-AudioCapture.dll (API version 3709383).
LogModuleManager: Display: Found up-to-date module file ../../../Engine/Plugins/Editor/FacialAnimation/Binaries/Win64/UE4Editor-FacialAnimation.dll (API version 3709383).
LogModuleManager: Display: Found up-to-date module file ../../../Engine/Plugins/Editor/FacialAnimation/Binaries/Win64/UE4Editor-FacialAnimationEditor.dll (API version 3709383).
LogModuleManager: Display: Found up-to-date module file ../../../Engine/Plugins/Editor/GameplayTagsEditor/Binaries/Win64/UE4Editor-GameplayTagsEditor.dll (API version 3709383).
LogModuleManager: Display: Found up-to-date module file ../../../Engine/Plugins/Editor/MobileLauncherProfileWizard/Binaries/Win64/UE4Editor-MobileLauncherProfileWizard.dll (API version 3709383).
LogModuleManager: Display: Found up-to-date module file ../../../Engine/Plugins/Editor/PluginBrowser/Binaries/Win64/UE4Editor-PluginBrowser.dll (API version 3709383).
LogModuleManager: Display: Found up-to-date module file ../../../Engine/Plugins/Editor/SpeedTreeImporter/Binaries/Win64/UE4Editor-SpeedTreeImporter.dll (API version 3709383).
LogModuleManager: Display: Found up-to-date module file ../../../Engine/Plugins/Experimental/AlembicImporter/Binaries/Win64/UE4Editor-AlembicImporter.dll (API version 3709383).
LogModuleManager: Display: Found up-to-date module file ../../../Engine/Plugins/Experimental/AlembicImporter/Binaries/Win64/UE4Editor-AlembicLibrary.dll (API version 3709383).
LogModuleManager: Display: Found up-to-date module file ../../../Engine/Plugins/Experimental/CharacterAI/Binaries/Win64/UE4Editor-CharacterAI.dll (API version 3709383).
LogModuleManager: Display: Found up-to-date module file ../../../Engine/Plugins/Experimental/HTML5Networking/Binaries/Win64/UE4Editor-HTML5Networking.dll (API version 3709383).
LogModuleManager: Display: Found up-to-date module file ../../../Engine/Plugins/Media/AndroidMedia/Binaries/Win64/UE4Editor-AndroidMediaEditor.dll (API version 3709383).
LogModuleManager: Display: Found up-to-date module file ../../../Engine/Plugins/Media/AndroidMedia/Binaries/Win64/UE4Editor-AndroidMediaFactory.dll (API version 3709383).
LogModuleManager: Display: Found up-to-date module file ../../../Engine/Plugins/Media/AvfMedia/Binaries/Win64/UE4Editor-AvfMediaEditor.dll (API version 3709383).
LogModuleManager: Display: Found up-to-date module file ../../../Engine/Plugins/Media/AvfMedia/Binaries/Win64/UE4Editor-AvfMediaFactory.dll (API version 3709383).
LogModuleManager: Display: Found up-to-date module file ../../../Engine/Plugins/Media/AvfMedia/Binaries/Win64/UE4Editor-AvfMediaFactory.dll (API version 3709383).
LogModuleManager: Display: Found up-to-date module file ../../../Engine/Plugins/Media/ImgMedia/Binaries/Win64/UE4Editor-ImgMedia.dll (API version 3709383).
LogModuleManager: Display: Found up-to-date module file ../../../Engine/Plugins/Media/ImgMedia/Binaries/Win64/UE4Editor-ImgMediaEditor.dll (API version 3709383).
LogModuleManager: Display: Found up-to-date module file ../../../Engine/Plugins/Media/ImgMedia/Binaries/Win64/UE4Editor-ImgMediaFactory.dll (API version 3709383).
LogModuleManager: Display: Found up-to-date module file ../../../Engine/Plugins/Media/ImgMedia/Binaries/Win64/UE4Editor-ImgMediaFactory.dll (API version 3709383).
LogModuleManager: Display: Found up-to-date module file ../../../Engine/Plugins/Media/ImgMedia/Binaries/Win64/UE4Editor-OpenExrWrapper.dll (API version 3709383).
LogModuleManager: Display: Found up-to-date module file ../../../Engine/Plugins/Media/MediaCompositing/Binaries/Win64/UE4Editor-MediaCompositing.dll (API version 3709383).
LogModuleManager: Display: Found up-to-date module file ../../../Engine/Plugins/Media/MediaCompositing/Binaries/Win64/UE4Editor-MediaCompositingEditor.dll (API version 3709383).
LogModuleManager: Display: Found up-to-date module file ../../../Engine/Plugins/Media/MediaPlayerEditor/Binaries/Win64/UE4Editor-MediaPlayerEditor.dll (API version 3709383).
LogModuleManager: Display: Found up-to-date module file ../../../Engine/Plugins/Media/WmfMedia/Binaries/Win64/UE4Editor-WmfMedia.dll (API version 3709383).
LogModuleManager: Display: Found up-to-date module file ../../../Engine/Plugins/Media/WmfMedia/Binaries/Win64/UE4Editor-WmfMediaEditor.dll (API version 3709383).
LogModuleManager: Display: Found up-to-date module file ../../../Engine/Plugins/Media/WmfMedia/Binaries/Win64/UE4Editor-WmfMediaFactory.dll (API version 3709383).
LogModuleManager: Display: Found up-to-date module file ../../../Engine/Plugins/Media/WmfMedia/Binaries/Win64/UE4Editor-WmfMediaFactory.dll (API version 3709383).
LogModuleManager: Display: Found up-to-date module file ../../../Engine/Plugins/Messaging/TcpMessaging/Binaries/Win64/UE4Editor-TcpMessaging.dll (API version 3709383).
LogModuleManager: Display: Found up-to-date module file ../../../Engine/Plugins/Messaging/UdpMessaging/Binaries/Win64/UE4Editor-UdpMessaging.dll (API version 3709383).
LogModuleManager: Display: Found up-to-date module file ../../../Engine/Plugins/MovieScene/ActorSequence/Binaries/Win64/UE4Editor-ActorSequence.dll (API version 3709383).
LogModuleManager: Display: Found up-to-date module file ../../../Engine/Plugins/MovieScene/LevelSequenceEditor/Binaries/Win64/UE4Editor-LevelSequenceEditor.dll (API version 3709383).
LogModuleManager: Display: Found up-to-date module file ../../../Engine/Plugins/MovieScene/MatineeToLevelSequence/Binaries/Win64/UE4Editor-MatineeToLevelSequence.dll (API version 3709383).
LogModuleManager: Display: Found up-to-date module file ../../../Engine/Plugins/Online/OnlineSubsystem/Binaries/Win64/UE4Editor-OnlineSubsystem.dll (API version 3709383).
LogModuleManager: Display: Found up-to-date module file ../../../Engine/Plugins/Runtime/AndroidPermission/Binaries/Win64/UE4Editor-AndroidPermission.dll (API version 3709383).
LogModuleManager: Display: Found up-to-date module file ../../../Engine/Plugins/Online/OnlineSubsystemNull/Binaries/Win64/UE4Editor-OnlineSubsystemNull.dll (API version 3709383).
LogModuleManager: Display: Found up-to-date module file ../../../Engine/Plugins/Online/OnlineSubsystemUtils/Binaries/Win64/UE4Editor-OnlineSubsystemUtils.dll (API version 3709383).
LogModuleManager: Display: Found up-to-date module file ../../../Engine/Plugins/Online/OnlineSubsystemUtils/Binaries/Win64/UE4Editor-OnlineBlueprintSupport.dll (API version 3709383).
LogModuleManager: Display: Found up-to-date module file ../../../Engine/Plugins/Runtime/AndroidDeviceProfileSelector/Binaries/Win64/UE4Editor-AndroidDeviceProfileSelector.dll (API version 3709383).
LogModuleManager: Display: Found up-to-date module file ../../../Engine/Plugins/Runtime/AppleARKit/Binaries/Win64/UE4Editor-AppleARKit.dll (API version 3709383).
LogModuleManager: Display: Found up-to-date module file ../../../Engine/Plugins/Runtime/ArchVisCharacter/Binaries/Win64/UE4Editor-ArchVisCharacter.dll (API version 3709383).
LogModuleManager: Display: Found up-to-date module file ../../../Engine/Plugins/Runtime/CableComponent/Binaries/Win64/UE4Editor-CableComponent.dll (API version 3709383).
LogModuleManager: Display: Found up-to-date module file ../../../Engine/Plugins/Runtime/CustomMeshComponent/Binaries/Win64/UE4Editor-CustomMeshComponent.dll (API version 3709383).
LogModuleManager: Display: Found up-to-date module file ../../../Engine/Plugins/Runtime/ExampleDeviceProfileSelector/Binaries/Win64/UE4Editor-ExampleDeviceProfileSelector.dll (API version 3709383).
LogModuleManager: Display: Found up-to-date module file ../../../Engine/Plugins/Runtime/ImmediatePhysics/Binaries/Win64/UE4Editor-ImmediatePhysics.dll (API version 3709383).
LogModuleManager: Display: Found up-to-date module file ../../../Engine/Plugins/Runtime/ImmediatePhysics/Binaries/Win64/UE4Editor-ImmediatePhysicsEditor.dll (API version 3709383).
LogModuleManager: Display: Found up-to-date module file ../../../Engine/Plugins/Runtime/LocationServicesBPLibrary/Binaries/Win64/UE4Editor-LocationServicesBPLibrary.dll (API version 3709383).
LogModuleManager: Display: Found up-to-date module file ../../../Engine/Plugins/Runtime/MobilePatchingUtils/Binaries/Win64/UE4Editor-MobilePatchingUtils.dll (API version 3709383).
LogModuleManager: Display: Found up-to-date module file ../../../Engine/Plugins/Runtime/Oculus/OculusVR/Binaries/Win64/UE4Editor-OculusHMD.dll (API version 3709383).
LogModuleManager: Display: Found up-to-date module file ../../../Engine/Plugins/Runtime/Oculus/OculusVR/Binaries/Win64/UE4Editor-OculusInput.dll (API version 3709383).
LogModuleManager: Display: Found up-to-date module file ../../../Engine/Plugins/Runtime/Oculus/OculusVR/Binaries/Win64/UE4Editor-OculusEditor.dll (API version 3709383).
LogModuleManager: Display: Found up-to-date module file ../../../Engine/Plugins/Runtime/PhysXVehicles/Binaries/Win64/UE4Editor-PhysXVehicles.dll (API version 3709383).
LogModuleManager: Display: Found up-to-date module file ../../../Engine/Plugins/Runtime/PhysXVehicles/Binaries/Win64/UE4Editor-PhysXVehiclesEditor.dll (API version 3709383).
LogModuleManager: Display: Found up-to-date module file ../../../Engine/Plugins/Runtime/ProceduralMeshComponent/Binaries/Win64/UE4Editor-ProceduralMeshComponent.dll (API version 3709383).
LogModuleManager: Display: Found up-to-date module file ../../../Engine/Plugins/Runtime/ProceduralMeshComponent/Binaries/Win64/UE4Editor-ProceduralMeshComponentEditor.dll (API version 3709383).
LogModuleManager: Display: Found up-to-date module file ../../../Engine/Plugins/Runtime/RuntimePhysXCooking/Binaries/Win64/UE4Editor-RuntimePhysXCooking.dll (API version 3709383).
LogModuleManager: Display: Found up-to-date module file ../../../Engine/Plugins/Runtime/Steam/SteamVR/Binaries/Win64/UE4Editor-SteamVR.dll (API version 3709383).
LogModuleManager: Display: Found up-to-date module file ../../../Engine/Plugins/Runtime/Steam/SteamVR/Binaries/Win64/UE4Editor-SteamVRController.dll (API version 3709383).
LogModuleManager: Display: Found up-to-date module file ../../../Engine/Plugins/Runtime/WindowsMoviePlayer/Binaries/Win64/UE4Editor-WindowsMoviePlayer.dll (API version 3709383).
LogPluginManager: Mounting plugin Paper2D
LogPluginManager: Mounting plugin LightPropagationVolume
LogPluginManager: Mounting plugin CodeLiteSourceCodeAccess
LogPluginManager: Mounting plugin GitSourceControl
LogPluginManager: Mounting plugin KDevelopSourceCodeAccess
LogPluginManager: Mounting plugin NullSourceCodeAccess
LogPluginManager: Mounting plugin PerforceSourceControl
LogPluginManager: Mounting plugin SubversionSourceControl
LogPluginManager: Mounting plugin UObjectPlugin
LogPluginManager: Mounting plugin VisualStudioCodeSourceCodeAccess
LogPluginManager: Mounting plugin VisualStudioSourceCodeAccess
LogPluginManager: Mounting plugin XCodeSourceCodeAccess
LogPluginManager: Mounting plugin AssetManagerEditor
LogPluginManager: Mounting plugin AudioCapture
LogPluginManager: Mounting plugin FacialAnimation
LogPluginManager: Mounting plugin GameplayTagsEditor
LogPluginManager: Mounting plugin MobileLauncherProfileWizard
LogPluginManager: Mounting plugin PluginBrowser
LogPluginManager: Mounting plugin SpeedTreeImporter
LogPluginManager: Mounting plugin AlembicImporter
LogPluginManager: Mounting plugin CharacterAI
LogPluginManager: Mounting plugin HTML5Networking
LogPluginManager: Mounting plugin AndroidMedia
LogPluginManager: Mounting plugin AvfMedia
LogPluginManager: Mounting plugin ImgMedia
LogPluginManager: Mounting plugin MediaCompositing
LogPluginManager: Mounting plugin MediaPlayerEditor
LogPluginManager: Mounting plugin WmfMedia
LogPluginManager: Mounting plugin TcpMessaging
LogPluginManager: Mounting plugin UdpMessaging
LogPluginManager: Mounting plugin ActorSequence
LogPluginManager: Mounting plugin LevelSequenceEditor
LogPluginManager: Mounting plugin MatineeToLevelSequence
LogPluginManager: Mounting plugin OnlineSubsystemGooglePlay
LogPluginManager: Mounting plugin OnlineSubsystemIOS
LogPluginManager: Mounting plugin OnlineSubsystem
LogPluginManager: Mounting plugin OnlineSubsystemNull
LogPluginManager: Mounting plugin OnlineSubsystemUtils
LogPluginManager: Mounting plugin AndroidDeviceProfileSelector
LogPluginManager: Mounting plugin AndroidMoviePlayer
LogPluginManager: Mounting plugin AndroidPermission
LogPluginManager: Mounting plugin AppleARKit
LogPluginManager: Mounting plugin AppleMoviePlayer
LogPluginManager: Mounting plugin ArchVisCharacter
LogPluginManager: Mounting plugin CableComponent
LogPluginManager: Mounting plugin CustomMeshComponent
LogPluginManager: Mounting plugin ExampleDeviceProfileSelector
LogPluginManager: Mounting plugin GoogleCloudMessaging
LogPluginManager: Mounting plugin ImmediatePhysics
LogPluginManager: Mounting plugin IOSDeviceProfileSelector
LogPluginManager: Mounting plugin LinuxDeviceProfileSelector
LogPluginManager: Mounting plugin LocationServicesBPLibrary
LogPluginManager: Mounting plugin MobilePatchingUtils
LogPluginManager: Mounting plugin OculusVR
LogPluginManager: Plugin shader directory ../../../Engine/Plugins/Runtime/Oculus/OculusVR/Shaders found
LogPluginManager: Mapping shader source directory ../../../Engine/Plugins/Runtime/Oculus/OculusVR/Shaders to virtual directory /Plugin/OculusVR
LogPluginManager: Mounting plugin PhysXVehicles
LogPluginManager: Mounting plugin ProceduralMeshComponent
LogPluginManager: Mounting plugin RuntimePhysXCooking
LogPluginManager: Mounting plugin SteamVR
LogPluginManager: Mounting plugin WindowsMoviePlayer
LogInit: Using libcurl 7.47.1
LogInit:  - built for x86_64-pc-win32
LogInit:  - supports SSL with OpenSSL/1.0.2g
LogInit:  - supports HTTP deflate (compression) using libz 1.2.8
LogInit:  - other features:
LogInit:      CURL_VERSION_SSL
LogInit:      CURL_VERSION_LIBZ
LogInit:      CURL_VERSION_IPV6
LogInit:      CURL_VERSION_ASYNCHDNS
LogInit:      CURL_VERSION_LARGEFILE
LogInit:      CURL_VERSION_IDN
LogInit:  CurlRequestOptions (configurable via config and command line):
LogInit:  - bVerifyPeer = false  - Libcurl will NOT verify peer certificate
LogInit:  - bUseHttpProxy = false  - Libcurl will NOT use HTTP proxy
LogInit:  - bDontReuseConnections = false  - Libcurl will reuse connections
LogInit:  - CertBundlePath = nullptr  - Libcurl will use whatever was configured at build time.
LogInit: Build: ++UE4+Release-4.18-CL-3754814
LogInit: Engine Version: 4.18.1-3754814+++UE4+Release-4.18
LogInit: Compatible Engine Version: 4.18.0-3709383+++UE4+Release-4.18
LogInit: Net CL: 3709383
LogDevObjectVersion: Number of dev versions registered: 16
LogDevObjectVersion:   Dev-Blueprints (B0D832E4-1F89-4F0D-ACCF-7EB736FD4AA2): 10
LogDevObjectVersion:   Dev-Build (E1C64328-A22C-4D53-A36C-8E866417BD8C): 0
LogDevObjectVersion:   Dev-Core (375EC13C-06E4-48FB-B500-84F0262A717E): 2
LogDevObjectVersion:   Dev-Editor (E4B068ED-F494-42E9-A231-DA0B2E46BB41): 20
LogDevObjectVersion:   Dev-Framework (CFFC743F-43B0-4480-9391-14DF171D2073): 30
LogDevObjectVersion:   Dev-Mobile (B02B49B5-BB20-44E9-A304-32B752E40360): 0
LogDevObjectVersion:   Dev-Networking (A4E4105C-59A1-49B5-A7C5-40C4547EDFEE): 0
LogDevObjectVersion:   Dev-Online (39C831C9-5AE6-47DC-9A44-9C173E1C8E7C): 0
LogDevObjectVersion:   Dev-Physics (78F01B33-EBEA-4F98-B9B4-84EACCB95AA2): 0
LogDevObjectVersion:   Dev-Platform (6631380F-2D4D-43E0-8009-CF276956A95A): 0
LogDevObjectVersion:   Dev-Rendering (12F88B9F-8875-4AFC-A67C-D90C383ABD29): 20
LogDevObjectVersion:   Dev-Sequencer (7B5AE74C-D270-4C10-A958-57980B212A5A): 4
LogDevObjectVersion:   Dev-VR (D7296918-1DD6-4BDD-9DE2-64A83CC13884): 0
LogDevObjectVersion:   Dev-LoadTimes (C2A15278-BFE7-4AFE-6C17-90FF531DF755): 1
LogDevObjectVersion:   Private-Geometry (6EACA3D4-40EC-4CC1-B786-8BED09428FC5): 1
LogDevObjectVersion:   Dev-AnimPhys (29E575DD-E0A3-4627-9D10-D276232CDCEA): 12
LogInit: Compiled (64-bit): Nov 14 2017 02:05:55
LogInit: Compiled with Visual C++: 19.00.24215.01
LogInit: Build Configuration: Development
LogInit: Branch Name: ++UE4+Release-4.18
LogInit: Command line:  
LogInit: Base directory: d:/Program Files/Epic Games/UE_4.18/Engine/Binaries/Win64/
LogInit: Installed Engine Build: 1
LogInit: Presizing for max 8388607 objects, including 0 objects not considered by GC, pre-allocating 0 bytes for permanent pool.
LogInit: Object subsystem initialized
[2017.11.18-18.07.07:398][  0]LogInit: Selected Device Profile: [Windows]
[2017.11.18-18.07.07:398][  0]LogInit: Applying CVar settings loaded from the selected device profile: [Windows]
[2017.11.18-18.07.07:415][  0]LogInit: Computer: MIND
[2017.11.18-18.07.07:415][  0]LogInit: User: milos
[2017.11.18-18.07.07:415][  0]LogInit: CPU Page size=4096, Cores=2
[2017.11.18-18.07.07:415][  0]LogInit: High frequency timer resolution =3.117143 MHz
[2017.11.18-18.07.07:415][  0]LogMemory: Memory total: Physical=8.0GB (8GB approx)
[2017.11.18-18.07.07:416][  0]LogMemory: Platform Memory Stats for Windows
[2017.11.18-18.07.07:416][  0]LogMemory: Process Physical Memory: 270.48 MB used, 270.48 MB peak
[2017.11.18-18.07.07:416][  0]LogMemory: Process Virtual Memory: 269.10 MB used, 269.10 MB peak
[2017.11.18-18.07.07:416][  0]LogMemory: Physical Memory: 6494.78 MB used,  1654.05 MB free, 8148.82 MB total
[2017.11.18-18.07.07:416][  0]LogMemory: Virtual Memory: 639.87 MB used,  1654.05 MB free, 134217728.00 MB total
[2017.11.18-18.07.07:616][  0]LogInit: Using OS detected language (en-US).
[2017.11.18-18.07.07:616][  0]LogInit: Using OS detected locale (en-US).
[2017.11.18-18.07.07:624][  0]LogTextLocalizationManager: No specific localization for 'en-US' exists, so the 'en' localization will be used.
[2017.11.18-18.07.08:116][  0]LogInit: Setting process to per monitor DPI aware
[2017.11.18-18.07.08:658][  0]LogD3D11RHI: D3D11 adapters:
[2017.11.18-18.07.08:702][  0]LogD3D11RHI:    0. 'NVIDIA GeForce GTX 650 Ti' (Feature Level 11_0)
[2017.11.18-18.07.08:702][  0]LogD3D11RHI:       995/0/4074 MB DedicatedVideo/DedicatedSystem/SharedSystem, Outputs:1, VendorId:0x10de
[2017.11.18-18.07.08:704][  0]LogD3D11RHI:    1. 'Microsoft Basic Render Driver' (Feature Level 11_0)
[2017.11.18-18.07.08:704][  0]LogD3D11RHI:       0/0/4074 MB DedicatedVideo/DedicatedSystem/SharedSystem, Outputs:0, VendorId:0x1414
[2017.11.18-18.07.08:704][  0]LogD3D11RHI: Chosen D3D11 Adapter: 0
[2017.11.18-18.07.08:710][  0]LogD3D11RHI: Creating new Direct3DDevice
[2017.11.18-18.07.08:710][  0]LogD3D11RHI:     GPU DeviceId: 0x11c6 (for the marketing name, search the web for "GPU Device Id")
[2017.11.18-18.07.08:710][  0]LogWindows: EnumDisplayDevices:
[2017.11.18-18.07.08:711][  0]LogWindows:    0. 'NVIDIA GeForce GTX 650 Ti' (P:1 D:1)
[2017.11.18-18.07.08:711][  0]LogWindows:    1. 'NVIDIA GeForce GTX 650 Ti' (P:0 D:0)
[2017.11.18-18.07.08:711][  0]LogWindows:    2. 'NVIDIA GeForce GTX 650 Ti' (P:0 D:0)
[2017.11.18-18.07.08:711][  0]LogWindows:    3. 'NVIDIA GeForce GTX 650 Ti' (P:0 D:0)
[2017.11.18-18.07.08:711][  0]LogWindows: DebugString: FoundDriverCount:4 
[2017.11.18-18.07.08:711][  0]LogD3D11RHI:     Adapter Name: NVIDIA GeForce GTX 650 Ti
[2017.11.18-18.07.08:711][  0]LogD3D11RHI:   Driver Version: 388.31 (internal:23.21.13.8831, unified:388.31)
[2017.11.18-18.07.08:711][  0]LogD3D11RHI:      Driver Date: 11-14-2017
[2017.11.18-18.07.08:711][  0]LogRHI: Texture pool is 696 MB (70% of 995 MB)
[2017.11.18-18.07.08:739][  0]LogD3D11RHI: Async texture creation enabled
[2017.11.18-18.07.08:849][  0]LogD3D11RHI: GPU Timing Frequency: 1000.000000 (Debug: 2 2)
[2017.11.18-18.07.08:850][  0]LogShaderCompilers: Guid format shader working directory is -9 characters bigger than the processId version (C:/Users/milos/Documents/Unreal Projects/DejoMisoKonji/Intermediate/Shaders/WorkingDirectory/11272/).
[2017.11.18-18.07.08:851][  0]LogShaderCompilers: Cleaned the shader compiler working directory 'C:/Users/milos/AppData/Local/Temp/UnrealShaderWorkingDir/C86C1C794BFD1513DE491E8826DC8C9A/'.
[2017.11.18-18.07.08:851][  0]LogShaderCompilers: Display: Using Local Shader Compiler.
[2017.11.18-18.07.10:099][  0]LogTemp: Display: Loaded TP AllDesktopTargetPlatform
[2017.11.18-18.07.10:161][  0]LogTemp: Display: Loaded TP MacClientTargetPlatform
[2017.11.18-18.07.10:223][  0]LogTemp: Display: Loaded TP MacNoEditorTargetPlatform
[2017.11.18-18.07.10:282][  0]LogTemp: Display: Loaded TP MacServerTargetPlatform
[2017.11.18-18.07.10:342][  0]LogTemp: Display: Loaded TP MacTargetPlatform
[2017.11.18-18.07.10:405][  0]LogTemp: Display: Loaded TP WindowsClientTargetPlatform
[2017.11.18-18.07.10:465][  0]LogTemp: Display: Loaded TP WindowsNoEditorTargetPlatform
[2017.11.18-18.07.10:525][  0]LogTemp: Display: Loaded TP WindowsServerTargetPlatform
[2017.11.18-18.07.10:575][  0]LogTemp: Display: Loaded TP WindowsTargetPlatform
[2017.11.18-18.07.10:632][  0]LogTemp: Display: Loaded TP Android_ASTCTargetPlatform
[2017.11.18-18.07.10:697][  0]LogTemp: Display: Loaded TP Android_ATCTargetPlatform
[2017.11.18-18.07.10:762][  0]LogTemp: Display: Loaded TP Android_DXTTargetPlatform
[2017.11.18-18.07.10:821][  0]LogTemp: Display: Loaded TP Android_ETC1TargetPlatform
[2017.11.18-18.07.10:881][  0]LogTemp: Display: Loaded TP Android_ETC2TargetPlatform
[2017.11.18-18.07.10:999][  0]LogTemp: Display: Loaded TP Android_MultiTargetPlatform
[2017.11.18-18.07.10:999][  0]LogTemp: Display: Loaded TP Android_PVRTCTargetPlatform
[2017.11.18-18.07.11:065][  0]LogTemp: Display: Loaded TP AndroidTargetPlatform
[2017.11.18-18.07.11:109][  0]LogTemp: Display: Loaded TP HTML5TargetPlatform
[2017.11.18-18.07.11:213][  0]LogTemp: Display: Loaded TP IOSTargetPlatform
[2017.11.18-18.07.11:244][  0]LogTemp: Display: Loaded TP TVOSTargetPlatform
[2017.11.18-18.07.11:304][  0]LogTemp: Display: Loaded TP LinuxClientTargetPlatform
[2017.11.18-18.07.11:361][  0]LogTemp: Display: Loaded TP LinuxNoEditorTargetPlatform
[2017.11.18-18.07.11:423][  0]LogTemp: Display: Loaded TP LinuxServerTargetPlatform
[2017.11.18-18.07.11:483][  0]LogTemp: Display: Loaded TP LinuxTargetPlatform
[2017.11.18-18.07.11:483][  0]LogTargetPlatformManager: Display: Building Assets For Windows
[2017.11.18-18.07.11:998][  0]LogDerivedDataCache: Display: Max Cache Size: 512 MB
[2017.11.18-18.07.12:092][  0]LogDerivedDataCache: Loaded boot cache 0.09s 78MB C:/Users/milos/AppData/Local/UnrealEngine/4.18/DerivedDataCache/Boot.ddc.
[2017.11.18-18.07.12:092][  0]LogDerivedDataCache: Display: Loaded Boot cache: C:/Users/milos/AppData/Local/UnrealEngine/4.18/DerivedDataCache/Boot.ddc
[2017.11.18-18.07.12:092][  0]LogDerivedDataCache: FDerivedDataBackendGraph:  Pak pak cache file C:/Users/milos/Documents/Unreal Projects/DejoMisoKonji/DerivedDataCache/DDC.ddp not found, will not use a pak cache.
[2017.11.18-18.07.12:092][  0]LogDerivedDataCache: Unable to find inner node Pak for hierarchical cache Hierarchy.
[2017.11.18-18.07.12:093][  0]LogDerivedDataCache: FDerivedDataBackendGraph:  CompressedPak pak cache file C:/Users/milos/Documents/Unreal Projects/DejoMisoKonji/DerivedDataCache/Compressed.ddp not found, will not use a pak cache.
[2017.11.18-18.07.12:093][  0]LogDerivedDataCache: Unable to find inner node CompressedPak for hierarchical cache Hierarchy.
[2017.11.18-18.07.12:111][  0]LogDerivedDataCache: Display: Pak cache opened for reading ../../../Engine/DerivedDataCache/Compressed.ddp.
[2017.11.18-18.07.12:146][  0]LogDerivedDataCache: Using Local data cache path C:/Users/milos/AppData/Local/UnrealEngine/Common/DerivedDataCache: Writable
[2017.11.18-18.07.12:159][  0]LogMaterial: Verifying Global Shaders for PCD3D_SM5
[2017.11.18-18.07.12:159][  0]LogSlate: Using Freetype 2.6.0
[2017.11.18-18.07.12:161][  0]LogSlate: SlateFontCache - WITH_FREETYPE: 1, WITH_HARFBUZZ: 1
[2017.11.18-18.07.12:161][  0]LogSlate: SlateFontCache - WITH_FREETYPE: 1, WITH_HARFBUZZ: 1
[2017.11.18-18.07.12:738][  0]LogInit: Selected Device Profile: [Windows]
[2017.11.18-18.07.13:131][  0]LogSimplygon: Simplygon DLL not present - disabling.
[2017.11.18-18.07.13:176][  0]LogMeshReduction: Using SimplygonSwarm for distributed automatic mesh merging
[2017.11.18-18.07.13:176][  0]LogMeshReduction: Using QuadricMeshReduction for automatic static mesh reduction
[2017.11.18-18.07.13:176][  0]LogMeshReduction: No automatic skeletal mesh reduction module available
[2017.11.18-18.07.13:176][  0]LogMeshReduction: No automatic mesh merging module available
[2017.11.18-18.07.13:176][  0]LogMeshMerging: No automatic mesh merging module available
[2017.11.18-18.07.13:210][  0]LogNetVersion: DejoMisoKonji , NetCL: 3709383, EngineNetVer: 2, GameNetVer: 0 (Checksum: 661078539)
[2017.11.18-18.07.13:412][  0]LogAssetRegistry: FAssetRegistry took 0.0270 seconds to start up
[2017.11.18-18.07.14:059][  0]LogPackageLocalizationCache: Processed 7 localized package path(s) for 2 prioritized culture(s) in 0.080850 seconds
[2017.11.18-18.07.14:066][  0]LogUObjectArray: 35900 objects as part of root set at end of initial load.
[2017.11.18-18.07.14:066][  0]LogUObjectAllocator: 7372016 out of 0 bytes used by permanent object pool.
[2017.11.18-18.07.14:066][  0]LogUObjectArray: CloseDisregardForGC: 0/0 objects in disregard for GC pool
[2017.11.18-18.07.14:132][  0]LogInit: WinSock: version 1.1 (2.2), MaxSocks=32767, MaxUdp=65467
[2017.11.18-18.07.18:378][  0]LogTcpMessaging: Initializing TcpMessaging bridge
[2017.11.18-18.07.18:424][  0]LogUdpMessaging: Initializing bridge on interface 0.0.0.0:0 to multicast group 230.0.0.1:6666.
[2017.11.18-18.07.19:199][  0]LogMaterial: Uniform references updated for custom material expression Custom.
[2017.11.18-18.07.19:685][  0]SourceControl: Source control is disabled
[2017.11.18-18.07.19:685][  0]SourceControl: Source control is disabled
[2017.11.18-18.07.19:749][  0]SourceControl: Source control is disabled
[2017.11.18-18.07.19:809][  0]SourceControl: Source control is disabled
[2017.11.18-18.07.20:747][  0]LogAndroidPermission: UAndroidPermissionCallbackProxy::GetInstance
[2017.11.18-18.07.21:051][  0]LogOcInput: OculusInput pre-init called
[2017.11.18-18.07.21:381][  0]LogEngine: Initializing Engine...
[2017.11.18-18.07.21:384][  0]LogHMD: Failed to initialize OpenVR with code 110
[2017.11.18-18.07.21:654][  0]LogStats: UGameplayTagsManager::ConstructGameplayTagTree: Construct from data asset -  0.000 s
[2017.11.18-18.07.21:654][  0]LogStats: UGameplayTagsManager::ConstructGameplayTagTree: GameplayTagTreeChangedEvent.Broadcast -  0.000 s
[2017.11.18-18.07.21:799][  0]LogAIModule: Creating AISystem for world Untitled
[2017.11.18-18.07.21:809][  0]LogInit: XAudio2 using 'Speakers (Realtek High Definition Audio)' : 2 channels at 48 kHz using 32 bits per sample (channel mask 0x3)
[2017.11.18-18.07.21:826][  0]LogInit: FAudioDevice initialized.
[2017.11.18-18.07.21:975][  0]LogDerivedDataCache: Saved boot cache 0.15s 78MB C:/Users/milos/AppData/Local/UnrealEngine/4.18/DerivedDataCache/Boot.ddc.
[2017.11.18-18.07.21:987][  0]LogInit: Texture streaming: Enabled
[2017.11.18-18.07.22:101][  0]LogEngineSessionManager: EngineSessionManager initialized
[2017.11.18-18.07.22:236][  0]LogInit: Transaction tracking system initialized
[2017.11.18-18.07.22:581][  0]BlueprintLog: New page: Editor Load
[2017.11.18-18.07.23:563][  0]LocalizationService: Localization service is disabled
[2017.11.18-18.07.24:385][  0]LogConsoleResponse: Display: 
[2017.11.18-18.07.24:628][  0]LogCook: Display: Max memory allowance for cook 16384mb min free memory 0mb
[2017.11.18-18.07.24:628][  0]LogCook: Display: Mobile HDR setting 1
[2017.11.18-18.07.24:628][  0]LogGameplayTags: Display: UGameplayTagsManager::DoneAddingNativeTags. DelegateIsBound: 0
[2017.11.18-18.07.25:932][  0]LogFileCache: Scanning file cache for directory 'C:/Users/milos/Documents/Unreal Projects/DejoMisoKonji/Content/' took 0.03s
[2017.11.18-18.07.25:983][  0]SourceControl: Source control is disabled
[2017.11.18-18.07.25:984][  0]Cmd: MAP LOAD FILE="../../../Engine/Content/Maps/Templates/Template_Default.umap" TEMPLATE=1 SHOWPROGRESS=1 FEATURELEVEL=3
[2017.11.18-18.07.25:984][  0]LightingResults: New page: Lighting Build
[2017.11.18-18.07.26:029][  0]MapCheck: New page: Map Check
[2017.11.18-18.07.26:029][  0]LightingResults: New page: Lighting Build
[2017.11.18-18.07.26:333][  0]LogAIModule: Creating AISystem for world Untitled_1
[2017.11.18-18.07.26:343][  0]LogEditorServer: Finished looking for orphan Actors (0.000 secs)
[2017.11.18-18.07.26:358][  0]Cmd: MAP CHECKDEP NOCLEARLOG
[2017.11.18-18.07.26:454][  0]MapCheck: Map check complete: 0 Error(s), 0 Warning(s), took 95.912ms to complete.
[2017.11.18-18.07.26:454][  0]LogFileHelpers: Loading map 'Template_Default' took 0.471
[2017.11.18-18.07.26:530][  0]LogWindowsTextInputMethodSystem: Display: IME system now deactivated.
[2017.11.18-18.07.26:569][  0]LogCollectionManager: Loaded 0 collections in 0.001667 seconds
[2017.11.18-18.07.26:656][  0]LogFileCache: Scanning file cache for directory 'C:/Users/milos/Documents/Unreal Projects/DejoMisoKonji/Saved/Collections/' took 0.01s
[2017.11.18-18.07.26:656][  0]LogFileCache: Scanning file cache for directory 'C:/Users/milos/Documents/Unreal Projects/DejoMisoKonji/Content/Developers/milos/Collections/' took 0.01s
[2017.11.18-18.07.26:656][  0]LogFileCache: Scanning file cache for directory 'C:/Users/milos/Documents/Unreal Projects/DejoMisoKonji/Content/Collections/' took 0.01s
[2017.11.18-18.07.26:656][  0]LogCollectionManager: Rebuilt the GUID cache for 0 collections in 0.000001 seconds
[2017.11.18-18.07.26:667][  0]LogContentBrowser: Native class hierarchy populated in 0.0107 seconds. Added 2363 classes and 519 folders.
[2017.11.18-18.07.26:742][  0]LogContentBrowser: Native class hierarchy updated for 'WidgetCarousel' in 0.0003 seconds. Added 0 classes and 0 folders.
[2017.11.18-18.07.26:823][  0]LogContentBrowser: Native class hierarchy updated for 'AddContentDialog' in 0.0003 seconds. Added 0 classes and 0 folders.
[2017.11.18-18.07.26:929][  0]LogContentBrowser: Native class hierarchy updated for 'SceneOutliner' in 0.0003 seconds. Added 1 classes and 2 folders.
[2017.11.18-18.07.27:008][  0]LogSlate: Took 0.001653 seconds to synchronously load lazily loaded font '../../../Engine/Content/Slate/Fonts/Roboto-Regular.ttf' (155K)
[2017.11.18-18.07.27:013][  0]LogSlate: Took 0.000431 seconds to synchronously load lazily loaded font '../../../Engine/Content/Slate/Fonts/Roboto-Bold.ttf' (160K)
[2017.11.18-18.07.27:016][  0]LogSlate: Took 0.000354 seconds to synchronously load lazily loaded font '../../../Engine/Content/Editor/Slate/Fonts/FontAwesome.ttf' (139K)
[2017.11.18-18.07.27:158][  0]LogRenderer: Reallocating scene render targets to support 1360x964 Format 10 NumSamples 1 (Frame:1).
[2017.11.18-18.07.27:435][  0]LogContentBrowser: Native class hierarchy updated for 'HierarchicalLODOutliner' in 0.0003 seconds. Added 1 classes and 2 folders.
[2017.11.18-18.07.27:435][  0]LogLoad: (Engine Initialization) Total time: 23.01 seconds
[2017.11.18-18.07.27:435][  0]LogLoad: (Engine Initialization) Total Blueprint compile time: 0.00 seconds
[2017.11.18-18.07.27:435][  0]LogExternalProfiler: No external profilers were discovered.  External profiling features will not be available.
[2017.11.18-18.07.27:462][  0]LogContentStreaming: Texture pool size now 1000 MB
[2017.11.18-18.07.27:738][  2]LogAssetRegistry: Asset discovery search completed in 14.3483 seconds
[2017.11.18-18.07.27:742][  2]LogCollectionManager: Rebuilt the object cache for 0 collections in 0.000000 seconds (found 0 objects)
[2017.11.18-18.07.27:742][  2]LogCollectionManager: Fixed up redirectors for 0 collections in 0.000095 seconds (updated 0 objects)
[2017.11.18-18.07.31:587][458]LogSlate: Took 0.000317 seconds to synchronously load lazily loaded font '../../../Engine/Content/Slate/Fonts/Roboto-Light.ttf' (159K)
[2017.11.18-18.08.04:860][245]Cmd: MAP LOAD FILE="C:/Users/milos/Documents/Unreal Projects/DejoMisoKonji/Content/SideScrollerBP/Maps/SideScrollerExampleMap.umap" TEMPLATE=0 SHOWPROGRESS=1 FEATURELEVEL=3
[2017.11.18-18.08.04:927][245]LogSlate: Took 0.000277 seconds to synchronously load lazily loaded font '../../../Engine/Content/Slate/Fonts/Roboto-Light.ttf' (159K)
[2017.11.18-18.08.04:969][245]LightingResults: New page: Lighting Build
[2017.11.18-18.08.04:973][245]LoadErrors: New page: Loading map: SideScrollerExampleMap.umap
[2017.11.18-18.08.04:974][245]MapCheck: New page: Map Check
[2017.11.18-18.08.04:974][245]LightingResults: New page: Lighting Build
[2017.11.18-18.08.05:735][245]LogBlueprint: Warning: [Compiler SideScrollerCharacter] Input Axis Event references unknown Axis 'MoveRight' for  InputAxis MoveRight
[2017.11.18-18.08.05:735][245]LogBlueprint: Warning: [Compiler SideScrollerCharacter] InputAction Event references unknown Action 'Jump' for  InputAction Jump
[2017.11.18-18.08.05:766][245]LogBlueprint: Warning: [Compiler SideScrollerCharacter] [0061.34] Compile of SideScrollerCharacter successful, but with 2 Warning(s) [in 75 ms] (/Game/SideScrollerBP/Blueprints/SideScrollerCharacter.SideScrollerCharacter)
[2017.11.18-18.08.05:809][245]LogSlate: Took 0.000404 seconds to synchronously load lazily loaded font '../../../Engine/Content/Slate/Fonts/Roboto-Regular.ttf' (155K)
[2017.11.18-18.08.09:376][245]LogAIModule: Creating AISystem for world SideScrollerExampleMap
[2017.11.18-18.08.09:979][245]LogEditorServer: Finished looking for orphan Actors (0.000 secs)
[2017.11.18-18.08.10:058][245]Cmd: MAP CHECKDEP NOCLEARLOG
[2017.11.18-18.08.10:147][245]MapCheck: Map check complete: 0 Error(s), 0 Warning(s), took 89.228ms to complete.
[2017.11.18-18.08.10:147][245]LogFileHelpers: Loading map 'SideScrollerExampleMap' took 5.311
[2017.11.18-18.08.15:143][617]LogEditorViewport: Clicking on Actor (context menu): StaticMeshActor (Floor)
[2017.11.18-18.08.33:463][141]LogSavePackage: Save=672.94ms
[2017.11.18-18.08.33:463][141]LogSavePackage: Moving 'C:/Users/milos/Documents/Unreal Projects/DejoMisoKonji/Saved/SideScrollerExampleMapA70DA23C47769EC5705A53B706EC2571.tmp' to 'C:/Users/milos/Documents/Unreal Projects/DejoMisoKonji/Content/SideScrollerBP/Maps/SideScrollerExampleMap.umap'
[2017.11.18-18.08.33:467][141]LogSavePackage: Display: Finished SavePackage C:/Users/milos/Documents/Unreal Projects/DejoMisoKonji/Content/SideScrollerBP/Maps/SideScrollerExampleMap.umap
[2017.11.18-18.08.34:298][141]LogSavePackage: Save=768.06ms
[2017.11.18-18.08.34:298][141]LogSavePackage: Moving 'C:/Users/milos/Documents/Unreal Projects/DejoMisoKonji/Saved/SideScrollerExampleMap_BuiltDataAAD0863A44BC9A69709B6C8C91B992C6.tmp' to 'C:/Users/milos/Documents/Unreal Projects/DejoMisoKonji/Content/SideScrollerBP/Maps/SideScrollerExampleMap_BuiltData.uasset'
[2017.11.18-18.08.34:301][141]LogSavePackage: Display: Finished SavePackage C:/Users/milos/Documents/Unreal Projects/DejoMisoKonji/Content/SideScrollerBP/Maps/SideScrollerExampleMap_BuiltData.uasset
[2017.11.18-18.09.11:000][560]Cmd: DELETE
[2017.11.18-18.09.11:000][560]Cmd: ACTOR DELETE
[2017.11.18-18.09.11:290][560]LogEditorActor: Deleted Actor: Brush
[2017.11.18-18.09.11:673][560]LogEditorActor: Deleted 1 Actors (0.446 secs)
[2017.11.18-18.09.11:919][587]LogEditorViewport: Clicking on Actor (LMB): StaticMeshActor (SM_Exo_Pillar_1)
[2017.11.18-18.09.13:291][717]LogEditorViewport: Clicking on Actor (LMB): StaticMeshActor (SM_Exo_Pillar_2)
[2017.11.18-18.09.15:743][976]LogEditorViewport: Clicking on Actor (LMB): StaticMeshActor (SM_Exo_Pillar_1)
[2017.11.18-18.09.16:681][ 72]Cmd: EDIT COPY
[2017.11.18-18.09.17:009][ 98]Cmd: EDIT PASTE
[2017.11.18-18.09.39:117][599]Cmd: EDIT COPY
[2017.11.18-18.09.39:320][622]Cmd: EDIT PASTE
[2017.11.18-18.09.47:180][333]LogEditorViewport: Clicking on Actor (LMB): BP_Sky_Sphere_C (SkySphereBlueprint)
[2017.11.18-18.09.55:220][748]Cmd: EDIT PASTE
[2017.11.18-18.10.00:419][164]LogEditorViewport: Clicking on Actor (LMB): BP_Sky_Sphere_C (SkySphereBlueprint)
[2017.11.18-18.10.06:606][513]Cmd: EDIT PASTE
[2017.11.18-18.10.13:684][188]LogEditorViewport: Clicking on Actor (LMB): BP_Sky_Sphere_C (SkySphereBlueprint)
[2017.11.18-18.10.25:000][753]LogEditorViewport: Clicking on Actor (LMB): StaticMeshActor (Floor)
[2017.11.18-18.10.37:536][716]Cmd: MODE SCALEGRID=0
[2017.11.18-18.10.50:008][593]LogEditorViewport: Clicking on Actor (LMB): StaticMeshActor (Floor)
[2017.11.18-18.11.00:911][721]LogEditorViewport: Clicking on Actor (LMB): BP_Sky_Sphere_C (SkySphereBlueprint)
[2017.11.18-18.11.02:638][889]LogEditorViewport: Clicking on Actor (LMB): StaticMeshActor (Floor)
[2017.11.18-18.11.10:997][684]LogEditorViewport: Clicking on Actor (LMB): BP_Sky_Sphere_C (SkySphereBlueprint)
[2017.11.18-18.11.27:248][262]LogEditorViewport: Clicking on Actor (LMB): StaticMeshActor (Floor)
[2017.11.18-18.11.27:892][311]LogEditorViewport: Clicking on Actor (LMB): StaticMeshActor (Floor)
[2017.11.18-18.11.28:012][316]LogEditorViewport: Clicking on Component (LMB): StaticMeshComponent (StaticMeshComponent0)
[2017.11.18-18.11.28:685][384]LogEditorViewport: Clicking on Component (LMB): StaticMeshComponent (StaticMeshComponent0)
[2017.11.18-18.11.28:770][387]LogEditorViewport: Clicking on Actor (double click): StaticMeshActor (Floor)
[2017.11.18-18.11.34:333][867]LogEditorViewport: Clicking on Actor (LMB): StaticMeshActor (Floor)
[2017.11.18-18.11.34:414][870]LogEditorViewport: Clicking on Component (LMB): StaticMeshComponent (StaticMeshComponent0)
[2017.11.18-18.11.35:229][959]LogEditorViewport: Clicking on Component (LMB): StaticMeshComponent (StaticMeshComponent0)
[2017.11.18-18.11.35:312][962]LogEditorViewport: Clicking on Actor (double click): StaticMeshActor (Floor)
[2017.11.18-18.11.41:303][339]LogEditorViewport: Clicking on Actor (LMB): StaticMeshActor (Floor)
[2017.11.18-18.11.41:397][343]LogEditorViewport: Clicking on Component (LMB): StaticMeshComponent (StaticMeshComponent0)
[2017.11.18-18.11.41:948][401]LogEditorViewport: Clicking on Component (LMB): StaticMeshComponent (StaticMeshComponent0)
[2017.11.18-18.11.42:039][405]LogEditorViewport: Clicking on Actor (double click): StaticMeshActor (Floor)
[2017.11.18-18.11.42:286][426]LogEditorViewport: Clicking on Actor (LMB): StaticMeshActor (Floor)
[2017.11.18-18.11.42:368][429]LogEditorViewport: Clicking on Component (LMB): StaticMeshComponent (StaticMeshComponent0)
[2017.11.18-18.11.42:625][452]LogEditorViewport: Clicking on Component (LMB): StaticMeshComponent (StaticMeshComponent0)
[2017.11.18-18.11.45:038][722]LogEditorViewport: Clicking on Component (LMB): StaticMeshComponent (StaticMeshComponent0)
[2017.11.18-18.11.45:124][725]LogEditorViewport: Clicking on Actor (double click): StaticMeshActor (Floor)
[2017.11.18-18.11.45:785][792]LogEditorViewport: Clicking on Actor (LMB): StaticMeshActor (Floor)
[2017.11.18-18.11.45:853][793]LogEditorViewport: Clicking on Component (LMB): StaticMeshComponent (StaticMeshComponent0)
[2017.11.18-18.12.10:609][442]LogEditorViewport: Clicking on Actor (LMB): BP_Sky_Sphere_C (SkySphereBlueprint)
[2017.11.18-18.12.29:136][922]LogEditorViewport: Clicking on Actor (LMB): BP_Sky_Sphere_C (SkySphereBlueprint)
[2017.11.18-18.12.31:845][ 55]LogEditorViewport: Clicking on Actor (LMB): StaticMeshActor (SM_Exo_Cover_7)
[2017.11.18-18.12.33:164][189]LogEditorViewport: Clicking on Actor (LMB): StaticMeshActor (SM_Exo_Cover_6)
[2017.11.18-18.12.34:313][311]Cmd: EDIT COPY
[2017.11.18-18.12.34:519][334]Cmd: EDIT PASTE
[2017.11.18-18.12.59:561][478]LogEditorViewport: Clicking on Actor (LMB): StaticMeshActor (SM_Exo_Decos_Door_Frame_Column)
[2017.11.18-18.13.03:864][944]LogEditorViewport: Clicking on Actor (LMB): PostProcessVolume (PostProcessVolume)
[2017.11.18-18.13.09:386][444]Cmd: TRANSACTION UNDO
[2017.11.18-18.13.09:387][444]LogEditorTransaction: Undo Move Actors
[2017.11.18-18.13.09:389][444]LogGeometryMode: Warning: Unable to find 1 Edge(s) in new BSP
[2017.11.18-18.13.09:389][444]LogGeometryMode: Warning: Unable to resolve PostProcessVolume_2 Brush in new BSP, see above
[2017.11.18-18.13.09:389][444]LogGeometryMode: Warning: Unable to find all previously selected geometry data, resetting selection
[2017.11.18-18.13.09:511][444]LogSlate: Took 0.000908 seconds to synchronously load lazily loaded font '../../../Engine/Content/Slate/Fonts/Roboto-Light.ttf' (159K)
[2017.11.18-18.13.09:916][475]LogEditorViewport: Clicking on Actor (LMB): BP_Sky_Sphere_C (SkySphereBlueprint)
[2017.11.18-18.13.10:809][550]LogEditorViewport: Clicking on Actor (LMB): TriggerVolume (TriggerVolume)
[2017.11.18-18.13.14:864][968]LogEditorViewport: Clicking on Actor (LMB): BP_Sky_Sphere_C (SkySphereBlueprint)
[2017.11.18-18.13.15:542][ 31]LogEditorViewport: Clicking on Actor (LMB): MatineeActor (MatineeActor1)
[2017.11.18-18.13.17:758][248]LogEditorViewport: Clicking on Actor (LMB): BP_Sky_Sphere_C (SkySphereBlueprint)
[2017.11.18-18.13.18:593][332]LogEditorViewport: Clicking on Actor (LMB): StaticMeshActor (SM_Exo_Cover_10)
[2017.11.18-18.13.23:773][827]LogEditorViewport: Clicking on Actor (LMB): BP_Sky_Sphere_C (SkySphereBlueprint)
[2017.11.18-18.13.26:844][137]LogEditorViewport: Clicking on Actor (LMB): StaticMeshActor (SM_Exo_Cover_10)
[2017.11.18-18.13.38:280][267]Cmd: EDIT COPY
[2017.11.18-18.13.38:494][289]Cmd: EDIT PASTE
[2017.11.18-18.13.49:655][382]LogEditorViewport: Clicking on Actor (LMB): StaticMeshActor (SM_Exo_Cover_10)
[2017.11.18-18.13.52:915][723]LogEditorViewport: Clicking on Actor (LMB): BP_Sky_Sphere_C (SkySphereBlueprint)
[2017.11.18-18.13.56:611][924]Cmd: EDIT PASTE
[2017.11.18-18.14.01:549][445]LogEditorViewport: Clicking on Actor (LMB): BP_Sky_Sphere_C (SkySphereBlueprint)
[2017.11.18-18.14.10:048][219]LogEditorViewport: Clicking on Actor (LMB): BP_Sky_Sphere_C (SkySphereBlueprint)
[2017.11.18-18.14.15:778][544]LogTemp: Repeating last play command: Simulate
[2017.11.18-18.14.15:918][544]LogPackageName: Warning: String asset reference "S_ClothTarps_03.SM.Mesh.S_ClothTarps_03" is in short form, which is unsupported and -- even if valid -- resolving it will be really slow.
[2017.11.18-18.14.15:918][544]LogPackageName: Warning: Please consider resaving package in order to speed-up loading.
[2017.11.18-18.14.16:033][544]LogPackageName: SearchForPackageOnDisk took   0.115s, but failed to resolve S_ClothTarps_03.
[2017.11.18-18.14.16:033][544]LogPackageName: Warning: String asset reference "S_ClothTarps_03.SM.Mesh.S_ClothTarps_03" could not be resolved.
[2017.11.18-18.14.16:339][544]LogBlueprintUserMessages: Early PlayInEditor Detection: Level '/Game/SideScrollerBP/Maps/SideScrollerExampleMap.SideScrollerExampleMap:PersistentLevel' has LevelScriptBlueprint '/Game/SideScrollerBP/Maps/SideScrollerExampleMap.SideScrollerExampleMap:PersistentLevel.SideScrollerExampleMap' with GeneratedClass '/Game/SideScrollerBP/Maps/SideScrollerExampleMap.SideScrollerExampleMap_C' with ClassGeneratedBy '/Game/SideScrollerBP/Maps/SideScrollerExampleMap.SideScrollerExampleMap:PersistentLevel.SideScrollerExampleMap'
[2017.11.18-18.14.16:378][544]LogPlayLevel: PlayLevel: No blueprints needed recompiling
[2017.11.18-18.14.16:574][544]PIE: New page: SIE session: SideScrollerExampleMap (Nov 18, 2017, 8:14:16 PM)
[2017.11.18-18.14.16:574][544]LogPlayLevel: Creating play world package: /Game/SideScrollerBP/Maps/UEDPIE_0_SideScrollerExampleMap
[2017.11.18-18.14.16:680][544]LogPlayLevel: PIE: StaticDuplicateObject took: (0.106059s)
[2017.11.18-18.14.16:682][544]LogAIModule: Creating AISystem for world SideScrollerExampleMap
[2017.11.18-18.14.16:694][544]LogPlayLevel: PIE: World Init took: (0.013222s)
[2017.11.18-18.14.16:694][544]LogPlayLevel: PIE: Created PIE world by copying editor world from /Game/SideScrollerBP/Maps/SideScrollerExampleMap.SideScrollerExampleMap to /Game/SideScrollerBP/Maps/UEDPIE_0_SideScrollerExampleMap.SideScrollerExampleMap (0.119987s)
[2017.11.18-18.14.16:740][544]LogInit: XAudio2 using 'Speakers (Realtek High Definition Audio)' : 2 channels at 48 kHz using 32 bits per sample (channel mask 0x3)
[2017.11.18-18.14.16:755][544]LogInit: FAudioDevice initialized.
[2017.11.18-18.14.16:814][544]LogLoad: Game class is 'GameModeBase'
[2017.11.18-18.14.16:940][544]LogWorld: Bringing World /Game/SideScrollerBP/Maps/UEDPIE_0_SideScrollerExampleMap.SideScrollerExampleMap up for play (max tick rate 0) at 2017.11.18-19.14.16
[2017.11.18-18.14.16:992][544]LogWorld: Bringing up level for play took: 0.069251
[2017.11.18-18.14.17:268][544]LogContentBrowser: Native class hierarchy updated for 'MovieSceneCapture' in 0.0010 seconds. Added 11 classes and 0 folders.
[2017.11.18-18.14.17:322][544]PIE: Play in editor start time for /Game/SideScrollerBP/Maps/UEDPIE_0_SideScrollerExampleMap 1.132
[2017.11.18-18.14.17:541][544]LogBlueprintUserMessages: Late PlayInEditor Detection: Level '/Game/SideScrollerBP/Maps/SideScrollerExampleMap.SideScrollerExampleMap:PersistentLevel' has LevelScriptBlueprint '/Game/SideScrollerBP/Maps/SideScrollerExampleMap.SideScrollerExampleMap:PersistentLevel.SideScrollerExampleMap' with GeneratedClass '/Game/SideScrollerBP/Maps/SideScrollerExampleMap.SideScrollerExampleMap_C' with ClassGeneratedBy '/Game/SideScrollerBP/Maps/SideScrollerExampleMap.SideScrollerExampleMap:PersistentLevel.SideScrollerExampleMap'
[2017.11.18-18.14.26:253][ 90]LogBlueprintUserMessages: Early EndPlayMap Detection: Level '/Game/SideScrollerBP/Maps/SideScrollerExampleMap.SideScrollerExampleMap:PersistentLevel' has LevelScriptBlueprint '/Game/SideScrollerBP/Maps/SideScrollerExampleMap.SideScrollerExampleMap:PersistentLevel.SideScrollerExampleMap' with GeneratedClass '/Game/SideScrollerBP/Maps/SideScrollerExampleMap.SideScrollerExampleMap_C' with ClassGeneratedBy '/Game/SideScrollerBP/Maps/SideScrollerExampleMap.SideScrollerExampleMap:PersistentLevel.SideScrollerExampleMap'
[2017.11.18-18.14.26:343][ 90]LogBlueprintUserMessages: Late EndPlayMap Detection: Level '/Game/SideScrollerBP/Maps/SideScrollerExampleMap.SideScrollerExampleMap:PersistentLevel' has LevelScriptBlueprint '/Game/SideScrollerBP/Maps/SideScrollerExampleMap.SideScrollerExampleMap:PersistentLevel.SideScrollerExampleMap' with GeneratedClass '/Game/SideScrollerBP/Maps/SideScrollerExampleMap.SideScrollerExampleMap_C' with ClassGeneratedBy '/Game/SideScrollerBP/Maps/SideScrollerExampleMap.SideScrollerExampleMap:PersistentLevel.SideScrollerExampleMap'
[2017.11.18-18.14.27:369][143]LogTemp: Repeating last play command: Simulate
[2017.11.18-18.14.27:387][143]LogBlueprintUserMessages: Early PlayInEditor Detection: Level '/Game/SideScrollerBP/Maps/SideScrollerExampleMap.SideScrollerExampleMap:PersistentLevel' has LevelScriptBlueprint '/Game/SideScrollerBP/Maps/SideScrollerExampleMap.SideScrollerExampleMap:PersistentLevel.SideScrollerExampleMap' with GeneratedClass '/Game/SideScrollerBP/Maps/SideScrollerExampleMap.SideScrollerExampleMap_C' with ClassGeneratedBy '/Game/SideScrollerBP/Maps/SideScrollerExampleMap.SideScrollerExampleMap:PersistentLevel.SideScrollerExampleMap'
[2017.11.18-18.14.27:387][143]LogPlayLevel: PlayLevel: No blueprints needed recompiling
[2017.11.18-18.14.27:387][143]PIE: New page: SIE session: SideScrollerExampleMap (Nov 18, 2017, 8:14:27 PM)
[2017.11.18-18.14.27:387][143]LogPlayLevel: Creating play world package: /Game/SideScrollerBP/Maps/UEDPIE_0_SideScrollerExampleMap
[2017.11.18-18.14.27:419][143]LogPlayLevel: PIE: StaticDuplicateObject took: (0.031283s)
[2017.11.18-18.14.27:420][143]LogAIModule: Creating AISystem for world SideScrollerExampleMap
[2017.11.18-18.14.27:420][143]LogPlayLevel: PIE: World Init took: (0.001461s)
[2017.11.18-18.14.27:421][143]LogPlayLevel: PIE: Created PIE world by copying editor world from /Game/SideScrollerBP/Maps/SideScrollerExampleMap.SideScrollerExampleMap to /Game/SideScrollerBP/Maps/UEDPIE_0_SideScrollerExampleMap.SideScrollerExampleMap (0.033293s)
[2017.11.18-18.14.27:449][143]LogInit: XAudio2 using 'Speakers (Realtek High Definition Audio)' : 2 channels at 48 kHz using 32 bits per sample (channel mask 0x3)
[2017.11.18-18.14.27:467][143]LogInit: FAudioDevice initialized.
[2017.11.18-18.14.27:503][143]LogLoad: Game class is 'GameModeBase'
[2017.11.18-18.14.27:508][143]LogWorld: Bringing World /Game/SideScrollerBP/Maps/UEDPIE_0_SideScrollerExampleMap.SideScrollerExampleMap up for play (max tick rate 0) at 2017.11.18-19.14.27
[2017.11.18-18.14.27:508][143]LogWorld: Bringing up level for play took: 0.004308
[2017.11.18-18.14.27:510][143]PIE: Play in editor start time for /Game/SideScrollerBP/Maps/UEDPIE_0_SideScrollerExampleMap -0.68
[2017.11.18-18.14.27:518][143]LogBlueprintUserMessages: Late PlayInEditor Detection: Level '/Game/SideScrollerBP/Maps/SideScrollerExampleMap.SideScrollerExampleMap:PersistentLevel' has LevelScriptBlueprint '/Game/SideScrollerBP/Maps/SideScrollerExampleMap.SideScrollerExampleMap:PersistentLevel.SideScrollerExampleMap' with GeneratedClass '/Game/SideScrollerBP/Maps/SideScrollerExampleMap.SideScrollerExampleMap_C' with ClassGeneratedBy '/Game/SideScrollerBP/Maps/SideScrollerExampleMap.SideScrollerExampleMap:PersistentLevel.SideScrollerExampleMap'
[2017.11.18-18.14.41:446][ 75]LogBlueprintUserMessages: Early EndPlayMap Detection: Level '/Game/SideScrollerBP/Maps/SideScrollerExampleMap.SideScrollerExampleMap:PersistentLevel' has LevelScriptBlueprint '/Game/SideScrollerBP/Maps/SideScrollerExampleMap.SideScrollerExampleMap:PersistentLevel.SideScrollerExampleMap' with GeneratedClass '/Game/SideScrollerBP/Maps/SideScrollerExampleMap.SideScrollerExampleMap_C' with ClassGeneratedBy '/Game/SideScrollerBP/Maps/SideScrollerExampleMap.SideScrollerExampleMap:PersistentLevel.SideScrollerExampleMap'
[2017.11.18-18.14.41:496][ 75]LogBlueprintUserMessages: Late EndPlayMap Detection: Level '/Game/SideScrollerBP/Maps/SideScrollerExampleMap.SideScrollerExampleMap:PersistentLevel' has LevelScriptBlueprint '/Game/SideScrollerBP/Maps/SideScrollerExampleMap.SideScrollerExampleMap:PersistentLevel.SideScrollerExampleMap' with GeneratedClass '/Game/SideScrollerBP/Maps/SideScrollerExampleMap.SideScrollerExampleMap_C' with ClassGeneratedBy '/Game/SideScrollerBP/Maps/SideScrollerExampleMap.SideScrollerExampleMap:PersistentLevel.SideScrollerExampleMap'
[2017.11.18-18.14.45:145][279]LogTemp: Repeating last play command: Simulate
[2017.11.18-18.14.45:159][279]LogBlueprintUserMessages: Early PlayInEditor Detection: Level '/Game/SideScrollerBP/Maps/SideScrollerExampleMap.SideScrollerExampleMap:PersistentLevel' has LevelScriptBlueprint '/Game/SideScrollerBP/Maps/SideScrollerExampleMap.SideScrollerExampleMap:PersistentLevel.SideScrollerExampleMap' with GeneratedClass '/Game/SideScrollerBP/Maps/SideScrollerExampleMap.SideScrollerExampleMap_C' with ClassGeneratedBy '/Game/SideScrollerBP/Maps/SideScrollerExampleMap.SideScrollerExampleMap:PersistentLevel.SideScrollerExampleMap'
[2017.11.18-18.14.45:160][279]LogPlayLevel: PlayLevel: No blueprints needed recompiling
[2017.11.18-18.14.45:160][279]PIE: New page: SIE session: SideScrollerExampleMap (Nov 18, 2017, 8:14:45 PM)
[2017.11.18-18.14.45:160][279]LogPlayLevel: Creating play world package: /Game/SideScrollerBP/Maps/UEDPIE_0_SideScrollerExampleMap
[2017.11.18-18.14.45:191][279]LogPlayLevel: PIE: StaticDuplicateObject took: (0.030909s)
[2017.11.18-18.14.45:192][279]LogAIModule: Creating AISystem for world SideScrollerExampleMap
[2017.11.18-18.14.45:192][279]LogPlayLevel: PIE: World Init took: (0.001111s)
[2017.11.18-18.14.45:192][279]LogPlayLevel: PIE: Created PIE world by copying editor world from /Game/SideScrollerBP/Maps/SideScrollerExampleMap.SideScrollerExampleMap to /Game/SideScrollerBP/Maps/UEDPIE_0_SideScrollerExampleMap.SideScrollerExampleMap (0.032452s)
[2017.11.18-18.14.45:218][279]LogInit: XAudio2 using 'Speakers (Realtek High Definition Audio)' : 2 channels at 48 kHz using 32 bits per sample (channel mask 0x3)
[2017.11.18-18.14.45:230][279]LogInit: FAudioDevice initialized.
[2017.11.18-18.14.45:264][279]LogLoad: Game class is 'GameModeBase'
[2017.11.18-18.14.45:268][279]LogWorld: Bringing World /Game/SideScrollerBP/Maps/UEDPIE_0_SideScrollerExampleMap.SideScrollerExampleMap up for play (max tick rate 0) at 2017.11.18-19.14.45
[2017.11.18-18.14.45:268][279]LogWorld: Bringing up level for play took: 0.003842
[2017.11.18-18.14.45:269][279]PIE: Play in editor start time for /Game/SideScrollerBP/Maps/UEDPIE_0_SideScrollerExampleMap 1.08
[2017.11.18-18.14.45:276][279]LogBlueprintUserMessages: Late PlayInEditor Detection: Level '/Game/SideScrollerBP/Maps/SideScrollerExampleMap.SideScrollerExampleMap:PersistentLevel' has LevelScriptBlueprint '/Game/SideScrollerBP/Maps/SideScrollerExampleMap.SideScrollerExampleMap:PersistentLevel.SideScrollerExampleMap' with GeneratedClass '/Game/SideScrollerBP/Maps/SideScrollerExampleMap.SideScrollerExampleMap_C' with ClassGeneratedBy '/Game/SideScrollerBP/Maps/SideScrollerExampleMap.SideScrollerExampleMap:PersistentLevel.SideScrollerExampleMap'
[2017.11.18-18.14.59:962][874]LogBlueprintUserMessages: Early EndPlayMap Detection: Level '/Game/SideScrollerBP/Maps/SideScrollerExampleMap.SideScrollerExampleMap:PersistentLevel' has LevelScriptBlueprint '/Game/SideScrollerBP/Maps/SideScrollerExampleMap.SideScrollerExampleMap:PersistentLevel.SideScrollerExampleMap' with GeneratedClass '/Game/SideScrollerBP/Maps/SideScrollerExampleMap.SideScrollerExampleMap_C' with ClassGeneratedBy '/Game/SideScrollerBP/Maps/SideScrollerExampleMap.SideScrollerExampleMap:PersistentLevel.SideScrollerExampleMap'
[2017.11.18-18.15.00:001][874]LogBlueprintUserMessages: Late EndPlayMap Detection: Level '/Game/SideScrollerBP/Maps/SideScrollerExampleMap.SideScrollerExampleMap:PersistentLevel' has LevelScriptBlueprint '/Game/SideScrollerBP/Maps/SideScrollerExampleMap.SideScrollerExampleMap:PersistentLevel.SideScrollerExampleMap' with GeneratedClass '/Game/SideScrollerBP/Maps/SideScrollerExampleMap.SideScrollerExampleMap_C' with ClassGeneratedBy '/Game/SideScrollerBP/Maps/SideScrollerExampleMap.SideScrollerExampleMap:PersistentLevel.SideScrollerExampleMap'
[2017.11.18-18.15.07:216][279]LogTemp: Repeating last play command: Simulate
[2017.11.18-18.15.07:230][279]LogBlueprintUserMessages: Early PlayInEditor Detection: Level '/Game/SideScrollerBP/Maps/SideScrollerExampleMap.SideScrollerExampleMap:PersistentLevel' has LevelScriptBlueprint '/Game/SideScrollerBP/Maps/SideScrollerExampleMap.SideScrollerExampleMap:PersistentLevel.SideScrollerExampleMap' with GeneratedClass '/Game/SideScrollerBP/Maps/SideScrollerExampleMap.SideScrollerExampleMap_C' with ClassGeneratedBy '/Game/SideScrollerBP/Maps/SideScrollerExampleMap.SideScrollerExampleMap:PersistentLevel.SideScrollerExampleMap'
[2017.11.18-18.15.07:230][279]LogPlayLevel: PlayLevel: No blueprints needed recompiling
[2017.11.18-18.15.07:230][279]PIE: New page: SIE session: SideScrollerExampleMap (Nov 18, 2017, 8:15:07 PM)
[2017.11.18-18.15.07:230][279]LogPlayLevel: Creating play world package: /Game/SideScrollerBP/Maps/UEDPIE_0_SideScrollerExampleMap
[2017.11.18-18.15.07:262][279]LogPlayLevel: PIE: StaticDuplicateObject took: (0.031581s)
[2017.11.18-18.15.07:263][279]LogAIModule: Creating AISystem for world SideScrollerExampleMap
[2017.11.18-18.15.07:263][279]LogPlayLevel: PIE: World Init took: (0.001179s)
[2017.11.18-18.15.07:264][279]LogPlayLevel: PIE: Created PIE world by copying editor world from /Game/SideScrollerBP/Maps/SideScrollerExampleMap.SideScrollerExampleMap to /Game/SideScrollerBP/Maps/UEDPIE_0_SideScrollerExampleMap.SideScrollerExampleMap (0.033207s)
[2017.11.18-18.15.07:291][279]LogInit: XAudio2 using 'Speakers (Realtek High Definition Audio)' : 2 channels at 48 kHz using 32 bits per sample (channel mask 0x3)
[2017.11.18-18.15.07:305][279]LogInit: FAudioDevice initialized.
[2017.11.18-18.15.07:341][279]LogLoad: Game class is 'GameModeBase'
[2017.11.18-18.15.07:344][279]LogWorld: Bringing World /Game/SideScrollerBP/Maps/UEDPIE_0_SideScrollerExampleMap.SideScrollerExampleMap up for play (max tick rate 0) at 2017.11.18-19.15.07
[2017.11.18-18.15.07:345][279]LogWorld: Bringing up level for play took: 0.003641
[2017.11.18-18.15.07:346][279]PIE: Play in editor start time for /Game/SideScrollerBP/Maps/UEDPIE_0_SideScrollerExampleMap -0.844
[2017.11.18-18.15.07:353][279]LogBlueprintUserMessages: Late PlayInEditor Detection: Level '/Game/SideScrollerBP/Maps/SideScrollerExampleMap.SideScrollerExampleMap:PersistentLevel' has LevelScriptBlueprint '/Game/SideScrollerBP/Maps/SideScrollerExampleMap.SideScrollerExampleMap:PersistentLevel.SideScrollerExampleMap' with GeneratedClass '/Game/SideScrollerBP/Maps/SideScrollerExampleMap.SideScrollerExampleMap_C' with ClassGeneratedBy '/Game/SideScrollerBP/Maps/SideScrollerExampleMap.SideScrollerExampleMap:PersistentLevel.SideScrollerExampleMap'
[2017.11.18-18.15.10:704][467]LogBlueprintUserMessages: Early EndPlayMap Detection: Level '/Game/SideScrollerBP/Maps/SideScrollerExampleMap.SideScrollerExampleMap:PersistentLevel' has LevelScriptBlueprint '/Game/SideScrollerBP/Maps/SideScrollerExampleMap.SideScrollerExampleMap:PersistentLevel.SideScrollerExampleMap' with GeneratedClass '/Game/SideScrollerBP/Maps/SideScrollerExampleMap.SideScrollerExampleMap_C' with ClassGeneratedBy '/Game/SideScrollerBP/Maps/SideScrollerExampleMap.SideScrollerExampleMap:PersistentLevel.SideScrollerExampleMap'
[2017.11.18-18.15.10:752][467]LogBlueprintUserMessages: Late EndPlayMap Detection: Level '/Game/SideScrollerBP/Maps/SideScrollerExampleMap.SideScrollerExampleMap:PersistentLevel' has LevelScriptBlueprint '/Game/SideScrollerBP/Maps/SideScrollerExampleMap.SideScrollerExampleMap:PersistentLevel.SideScrollerExampleMap' with GeneratedClass '/Game/SideScrollerBP/Maps/SideScrollerExampleMap.SideScrollerExampleMap_C' with ClassGeneratedBy '/Game/SideScrollerBP/Maps/SideScrollerExampleMap.SideScrollerExampleMap:PersistentLevel.SideScrollerExampleMap'
[2017.11.18-18.15.15:192][713]LogEditorViewport: Clicking on Actor (LMB): BP_Sky_Sphere_C (SkySphereBlueprint)
[2017.11.18-18.15.17:530][834]LogTemp: Repeating last play command: Simulate
[2017.11.18-18.15.17:543][834]LogBlueprintUserMessages: Early PlayInEditor Detection: Level '/Game/SideScrollerBP/Maps/SideScrollerExampleMap.SideScrollerExampleMap:PersistentLevel' has LevelScriptBlueprint '/Game/SideScrollerBP/Maps/SideScrollerExampleMap.SideScrollerExampleMap:PersistentLevel.SideScrollerExampleMap' with GeneratedClass '/Game/SideScrollerBP/Maps/SideScrollerExampleMap.SideScrollerExampleMap_C' with ClassGeneratedBy '/Game/SideScrollerBP/Maps/SideScrollerExampleMap.SideScrollerExampleMap:PersistentLevel.SideScrollerExampleMap'
[2017.11.18-18.15.17:543][834]LogPlayLevel: PlayLevel: No blueprints needed recompiling
[2017.11.18-18.15.17:543][834]PIE: New page: SIE session: SideScrollerExampleMap (Nov 18, 2017, 8:15:17 PM)
[2017.11.18-18.15.17:543][834]LogPlayLevel: Creating play world package: /Game/SideScrollerBP/Maps/UEDPIE_0_SideScrollerExampleMap
[2017.11.18-18.15.17:574][834]LogPlayLevel: PIE: StaticDuplicateObject took: (0.030311s)
[2017.11.18-18.15.17:575][834]LogAIModule: Creating AISystem for world SideScrollerExampleMap
[2017.11.18-18.15.17:575][834]LogPlayLevel: PIE: World Init took: (0.001277s)
[2017.11.18-18.15.17:576][834]LogPlayLevel: PIE: Created PIE world by copying editor world from /Game/SideScrollerBP/Maps/SideScrollerExampleMap.SideScrollerExampleMap to /Game/SideScrollerBP/Maps/UEDPIE_0_SideScrollerExampleMap.SideScrollerExampleMap (0.032103s)
[2017.11.18-18.15.17:599][834]LogInit: XAudio2 using 'Speakers (Realtek High Definition Audio)' : 2 channels at 48 kHz using 32 bits per sample (channel mask 0x3)
[2017.11.18-18.15.17:612][834]LogInit: FAudioDevice initialized.
[2017.11.18-18.15.17:646][834]LogLoad: Game class is 'GameModeBase'
[2017.11.18-18.15.17:649][834]LogWorld: Bringing World /Game/SideScrollerBP/Maps/UEDPIE_0_SideScrollerExampleMap.SideScrollerExampleMap up for play (max tick rate 0) at 2017.11.18-19.15.17
[2017.11.18-18.15.17:650][834]LogWorld: Bringing up level for play took: 0.003462
[2017.11.18-18.15.17:651][834]PIE: Play in editor start time for /Game/SideScrollerBP/Maps/UEDPIE_0_SideScrollerExampleMap -0.538
[2017.11.18-18.15.17:669][834]LogBlueprintUserMessages: Late PlayInEditor Detection: Level '/Game/SideScrollerBP/Maps/SideScrollerExampleMap.SideScrollerExampleMap:PersistentLevel' has LevelScriptBlueprint '/Game/SideScrollerBP/Maps/SideScrollerExampleMap.SideScrollerExampleMap:PersistentLevel.SideScrollerExampleMap' with GeneratedClass '/Game/SideScrollerBP/Maps/SideScrollerExampleMap.SideScrollerExampleMap_C' with ClassGeneratedBy '/Game/SideScrollerBP/Maps/SideScrollerExampleMap.SideScrollerExampleMap:PersistentLevel.SideScrollerExampleMap'
[2017.11.18-18.15.21:707][ 33]LogBlueprintUserMessages: Early EndPlayMap Detection: Level '/Game/SideScrollerBP/Maps/SideScrollerExampleMap.SideScrollerExampleMap:PersistentLevel' has LevelScriptBlueprint '/Game/SideScrollerBP/Maps/SideScrollerExampleMap.SideScrollerExampleMap:PersistentLevel.SideScrollerExampleMap' with GeneratedClass '/Game/SideScrollerBP/Maps/SideScrollerExampleMap.SideScrollerExampleMap_C' with ClassGeneratedBy '/Game/SideScrollerBP/Maps/SideScrollerExampleMap.SideScrollerExampleMap:PersistentLevel.SideScrollerExampleMap'
[2017.11.18-18.15.21:745][ 33]LogBlueprintUserMessages: Late EndPlayMap Detection: Level '/Game/SideScrollerBP/Maps/SideScrollerExampleMap.SideScrollerExampleMap:PersistentLevel' has LevelScriptBlueprint '/Game/SideScrollerBP/Maps/SideScrollerExampleMap.SideScrollerExampleMap:PersistentLevel.SideScrollerExampleMap' with GeneratedClass '/Game/SideScrollerBP/Maps/SideScrollerExampleMap.SideScrollerExampleMap_C' with ClassGeneratedBy '/Game/SideScrollerBP/Maps/SideScrollerExampleMap.SideScrollerExampleMap:PersistentLevel.SideScrollerExampleMap'
[2017.11.18-18.15.24:927][201]LogEditorViewport: Clicking on Actor (LMB): StaticMeshActor (SM_Exo_Cover_11)
[2017.11.18-18.15.31:411][554]LogEditorViewport: Clicking on Actor (LMB): StaticMeshActor (SM_Exo_Cover_10)
[2017.11.18-18.15.33:691][681]LogEditorViewport: Clicking on Actor (LMB): StaticMeshActor (SM_Exo_Cover_12)
[2017.11.18-18.15.36:168][819]LogEditorViewport: Clicking on Actor (LMB): BP_Sky_Sphere_C (SkySphereBlueprint)
[2017.11.18-18.15.51:432][608]LogEditorViewport: Clicking on Actor (double click): Brush (Box Brush2)
[2017.11.18-18.15.52:683][677]LogEditorViewport: Clicking on Actor (double click): Brush (Box Brush2)
[2017.11.18-18.15.56:525][884]LogEditorViewport: Clicking on Actor (LMB): BP_Sky_Sphere_C (SkySphereBlueprint)
[2017.11.18-18.16.12:453][387]LogEditorViewport: Clicking on Actor (double click): Brush (Box Brush2)
[2017.11.18-18.16.13:223][424]LogEditorViewport: Clicking on Actor (double click): Brush (Box Brush2)
[2017.11.18-18.16.16:680][615]LogEditorViewport: Clicking on Actor (LMB): BP_Sky_Sphere_C (SkySphereBlueprint)
[2017.11.18-18.16.18:234][691]Cmd: TRANSACTION UNDO
[2017.11.18-18.16.18:235][691]LogEditorTransaction: Undo Clicking on Actors
[2017.11.18-18.16.18:828][717]LogEditorViewport: Clicking on Actor (LMB): BP_Sky_Sphere_C (SkySphereBlueprint)
[2017.11.18-18.16.20:401][787]Cmd: TRANSACTION UNDO
[2017.11.18-18.16.20:401][787]LogEditorTransaction: Undo Clicking on Actors
[2017.11.18-18.16.20:948][814]Cmd: TRANSACTION UNDO
[2017.11.18-18.16.20:948][814]LogEditorTransaction: Undo Move Actors
[2017.11.18-18.16.21:026][814]LogGeometryMode: Warning: Unable to find 1 Poly(s) in new BSP
[2017.11.18-18.16.21:026][814]LogGeometryMode: Warning: Unable to resolve BoxBrush2 Brush in new BSP, see above
[2017.11.18-18.16.21:026][814]LogGeometryMode: Warning: Unable to find all previously selected geometry data, resetting selection
[2017.11.18-18.16.21:697][850]LogEditorViewport: Clicking on Actor (LMB): BP_Sky_Sphere_C (SkySphereBlueprint)
[2017.11.18-18.16.32:280][148]Cmd: DELETE
[2017.11.18-18.16.32:336][148]Cmd: ACTOR DELETE
[2017.11.18-18.16.32:340][148]LogEditorActor: Deleted Actor: Brush
[2017.11.18-18.16.32:374][148]LogEditorActor: Deleted 1 Actors (0.038 secs)
[2017.11.18-18.16.34:310][255]Cmd: EDIT COPY
[2017.11.18-18.16.34:720][277]Cmd: EDIT PASTE
[2017.11.18-18.16.40:090][569]LogEditorViewport: Clicking on Actor (LMB): BP_Sky_Sphere_C (SkySphereBlueprint)
[2017.11.18-18.16.52:602][ 99]Cmd: EDIT PASTE
[2017.11.18-18.17.03:594][725]LogEditorViewport: Clicking on Actor (LMB): BP_Sky_Sphere_C (SkySphereBlueprint)
[2017.11.18-18.17.07:001][876]LogEditorViewport: Clicking on Actor (LMB): TriggerVolume (TriggerVolume)
[2017.11.18-18.17.09:288][  4]LogEditorViewport: Clicking on Actor (LMB): BP_Sky_Sphere_C (SkySphereBlueprint)
[2017.11.18-18.17.18:510][375]LogEditorViewport: Clicking on Actor (LMB): StaticMeshActor (SM_Exo_Pillar_4)
[2017.11.18-18.17.19:576][431]Cmd: EDIT COPY
[2017.11.18-18.17.19:819][445]Cmd: EDIT PASTE
[2017.11.18-18.17.46:192][873]LogEditorViewport: Clicking on Actor (LMB): BP_Sky_Sphere_C (SkySphereBlueprint)
[2017.11.18-18.17.48:888][994]LogEditorViewport: Clicking on Actor (LMB): StaticMeshActor (SM_Exo_Pillar_8)
[2017.11.18-18.17.49:886][ 45]Cmd: EDIT COPY
[2017.11.18-18.17.50:040][ 54]Cmd: EDIT PASTE
[2017.11.18-18.17.56:389][408]LogEditorViewport: Clicking on Actor (LMB): BP_Sky_Sphere_C (SkySphereBlueprint)
[2017.11.18-18.18.08:589][ 42]LogEditorViewport: Clicking on Actor (LMB): StaticMeshActor (SM_Exo_Pillar_9)
[2017.11.18-18.18.09:713][104]Cmd: EDIT COPY
[2017.11.18-18.18.09:947][118]Cmd: EDIT PASTE
[2017.11.18-18.18.14:634][392]LogEditorViewport: Clicking on Actor (LMB): BP_Sky_Sphere_C (SkySphereBlueprint)
[2017.11.18-18.18.24:025][880]LogEditorViewport: Clicking on Actor (LMB): BP_Sky_Sphere_C (SkySphereBlueprint)
[2017.11.18-18.18.24:458][896]LogEditorViewport: Clicking on Actor (LMB): StaticMeshActor (SM_Exo_Pillar_10)
[2017.11.18-18.18.25:960][974]Cmd: EDIT COPY
[2017.11.18-18.18.26:179][984]Cmd: EDIT PASTE
[2017.11.18-18.18.30:265][212]LogEditorViewport: Clicking on Actor (LMB): BP_Sky_Sphere_C (SkySphereBlueprint)
[2017.11.18-18.18.40:940][770]LogSavePackage: Save=288.25ms
[2017.11.18-18.18.40:940][770]LogSavePackage: Moving 'C:/Users/milos/Documents/Unreal Projects/DejoMisoKonji/Saved/SideScrollerExampleMap98B8CEA842DB47687CD159BD3C41475A.tmp' to 'C:/Users/milos/Documents/Unreal Projects/DejoMisoKonji/Content/SideScrollerBP/Maps/SideScrollerExampleMap.umap'
[2017.11.18-18.18.40:944][770]LogSavePackage: Display: Finished SavePackage C:/Users/milos/Documents/Unreal Projects/DejoMisoKonji/Content/SideScrollerBP/Maps/SideScrollerExampleMap.umap
[2017.11.18-18.18.41:671][770]LogSavePackage: Save=650.18ms
[2017.11.18-18.18.41:671][770]LogSavePackage: Moving 'C:/Users/milos/Documents/Unreal Projects/DejoMisoKonji/Saved/SideScrollerExampleMap_BuiltData6F64AC0F441F5BC191D704AF848B567C.tmp' to 'C:/Users/milos/Documents/Unreal Projects/DejoMisoKonji/Content/SideScrollerBP/Maps/SideScrollerExampleMap_BuiltData.uasset'
[2017.11.18-18.18.41:673][770]LogSavePackage: Display: Finished SavePackage C:/Users/milos/Documents/Unreal Projects/DejoMisoKonji/Content/SideScrollerBP/Maps/SideScrollerExampleMap_BuiltData.uasset
[2017.11.18-18.18.47:409][968]LogEditorViewport: Clicking on Actor (LMB): StaticMeshActor (SM_Exo_Cover_10)
[2017.11.18-18.18.49:593][ 85]LogEditorViewport: Clicking on Actor (LMB): StaticMeshActor (SM_Exo_Cover_12)
[2017.11.18-18.18.50:587][139]Cmd: EDIT COPY
[2017.11.18-18.18.50:810][152]Cmd: EDIT PASTE
[2017.11.18-18.19.03:933][882]Cmd: EDIT COPY
[2017.11.18-18.19.04:157][895]Cmd: EDIT PASTE
[2017.11.18-18.19.07:717][ 95]Cmd: EDIT COPY
[2017.11.18-18.19.07:892][105]Cmd: EDIT PASTE
[2017.11.18-18.19.11:502][306]LogEditorViewport: Clicking on Actor (LMB): BP_Sky_Sphere_C (SkySphereBlueprint)
[2017.11.18-18.19.14:344][443]Cmd: EDIT PASTE
[2017.11.18-18.19.29:950][323]Cmd: EDIT COPY
[2017.11.18-18.19.30:175][335]Cmd: EDIT PASTE
[2017.11.18-18.19.34:129][561]Cmd: EDIT PASTE
[2017.11.18-18.19.37:288][740]LogEditorViewport: Clicking on Actor (LMB): BP_Sky_Sphere_C (SkySphereBlueprint)
[2017.11.18-18.20.50:760][914]Cmd: BRUSH ADD SELECTNEWBRUSH
[2017.11.18-18.21.34:420][357]LogEditorViewport: Clicking on Actor (LMB): BP_Sky_Sphere_C (SkySphereBlueprint)
[2017.11.18-18.22.03:008][486]LogEditorViewport: Clicking on Actor (LMB): LightmassImportanceVolume (LightmassImportanceVolume)
[2017.11.18-18.23.28:817][898]Cmd: POLY TEXSCALE  UU=0.500000 VV=0.500000
[2017.11.18-18.23.30:031][954]LogEditorViewport: Clicking on Actor (LMB): BP_Sky_Sphere_C (SkySphereBlueprint)
[2017.11.18-18.23.53:479][470]Cmd: POLY TEXSCALE  UU=0.333333 VV=0.333333
[2017.11.18-18.23.55:267][559]LogTemp: Repeating last play command: Simulate
[2017.11.18-18.23.55:282][559]LogBlueprintUserMessages: Early PlayInEditor Detection: Level '/Game/SideScrollerBP/Maps/SideScrollerExampleMap.SideScrollerExampleMap:PersistentLevel' has LevelScriptBlueprint '/Game/SideScrollerBP/Maps/SideScrollerExampleMap.SideScrollerExampleMap:PersistentLevel.SideScrollerExampleMap' with GeneratedClass '/Game/SideScrollerBP/Maps/SideScrollerExampleMap.SideScrollerExampleMap_C' with ClassGeneratedBy '/Game/SideScrollerBP/Maps/SideScrollerExampleMap.SideScrollerExampleMap:PersistentLevel.SideScrollerExampleMap'
[2017.11.18-18.23.55:282][559]LogPlayLevel: PlayLevel: No blueprints needed recompiling
[2017.11.18-18.23.55:282][559]PIE: New page: SIE session: SideScrollerExampleMap (Nov 18, 2017, 8:23:55 PM)
[2017.11.18-18.23.55:282][559]LogPlayLevel: Creating play world package: /Game/SideScrollerBP/Maps/UEDPIE_0_SideScrollerExampleMap
[2017.11.18-18.23.55:319][559]LogPlayLevel: PIE: StaticDuplicateObject took: (0.036789s)
[2017.11.18-18.23.55:320][559]LogAIModule: Creating AISystem for world SideScrollerExampleMap
[2017.11.18-18.23.55:320][559]LogPlayLevel: PIE: World Init took: (0.001174s)
[2017.11.18-18.23.55:321][559]LogPlayLevel: PIE: Created PIE world by copying editor world from /Game/SideScrollerBP/Maps/SideScrollerExampleMap.SideScrollerExampleMap to /Game/SideScrollerBP/Maps/UEDPIE_0_SideScrollerExampleMap.SideScrollerExampleMap (0.038453s)
[2017.11.18-18.23.55:352][559]LogInit: XAudio2 using 'Speakers (Realtek High Definition Audio)' : 2 channels at 48 kHz using 32 bits per sample (channel mask 0x3)
[2017.11.18-18.23.55:364][559]LogInit: FAudioDevice initialized.
[2017.11.18-18.23.55:398][559]LogLoad: Game class is 'GameModeBase'
[2017.11.18-18.23.55:402][559]LogWorld: Bringing World /Game/SideScrollerBP/Maps/UEDPIE_0_SideScrollerExampleMap.SideScrollerExampleMap up for play (max tick rate 0) at 2017.11.18-19.23.55
[2017.11.18-18.23.55:402][559]LogWorld: Bringing up level for play took: 0.003974
[2017.11.18-18.23.55:419][559]PIE: Play in editor start time for /Game/SideScrollerBP/Maps/UEDPIE_0_SideScrollerExampleMap -0.77
[2017.11.18-18.23.55:434][559]LogBlueprintUserMessages: Late PlayInEditor Detection: Level '/Game/SideScrollerBP/Maps/SideScrollerExampleMap.SideScrollerExampleMap:PersistentLevel' has LevelScriptBlueprint '/Game/SideScrollerBP/Maps/SideScrollerExampleMap.SideScrollerExampleMap:PersistentLevel.SideScrollerExampleMap' with GeneratedClass '/Game/SideScrollerBP/Maps/SideScrollerExampleMap.SideScrollerExampleMap_C' with ClassGeneratedBy '/Game/SideScrollerBP/Maps/SideScrollerExampleMap.SideScrollerExampleMap:PersistentLevel.SideScrollerExampleMap'
[2017.11.18-18.24.02:230][946]LogBlueprintUserMessages: Early EndPlayMap Detection: Level '/Game/SideScrollerBP/Maps/SideScrollerExampleMap.SideScrollerExampleMap:PersistentLevel' has LevelScriptBlueprint '/Game/SideScrollerBP/Maps/SideScrollerExampleMap.SideScrollerExampleMap:PersistentLevel.SideScrollerExampleMap' with GeneratedClass '/Game/SideScrollerBP/Maps/SideScrollerExampleMap.SideScrollerExampleMap_C' with ClassGeneratedBy '/Game/SideScrollerBP/Maps/SideScrollerExampleMap.SideScrollerExampleMap:PersistentLevel.SideScrollerExampleMap'
[2017.11.18-18.24.02:278][946]LogBlueprintUserMessages: Late EndPlayMap Detection: Level '/Game/SideScrollerBP/Maps/SideScrollerExampleMap.SideScrollerExampleMap:PersistentLevel' has LevelScriptBlueprint '/Game/SideScrollerBP/Maps/SideScrollerExampleMap.SideScrollerExampleMap:PersistentLevel.SideScrollerExampleMap' with GeneratedClass '/Game/SideScrollerBP/Maps/SideScrollerExampleMap.SideScrollerExampleMap_C' with ClassGeneratedBy '/Game/SideScrollerBP/Maps/SideScrollerExampleMap.SideScrollerExampleMap:PersistentLevel.SideScrollerExampleMap'
[2017.11.18-18.24.04:821][ 85]LogEditorViewport: Clicking on Actor (LMB): SideScrollerCharacter_C (SideScrollerCharacter)
[2017.11.18-18.24.17:661][447]LogPlayLevel: Warning: PIE failed because map save was canceled
[2017.11.18-18.24.17:662][447]PIE: Warning: PIE failed because map save was canceled
[2017.11.18-18.24.20:907][581]LogTemp: Repeating last play command: Simulate
[2017.11.18-18.24.20:921][581]LogBlueprintUserMessages: Early PlayInEditor Detection: Level '/Game/SideScrollerBP/Maps/SideScrollerExampleMap.SideScrollerExampleMap:PersistentLevel' has LevelScriptBlueprint '/Game/SideScrollerBP/Maps/SideScrollerExampleMap.SideScrollerExampleMap:PersistentLevel.SideScrollerExampleMap' with GeneratedClass '/Game/SideScrollerBP/Maps/SideScrollerExampleMap.SideScrollerExampleMap_C' with ClassGeneratedBy '/Game/SideScrollerBP/Maps/SideScrollerExampleMap.SideScrollerExampleMap:PersistentLevel.SideScrollerExampleMap'
[2017.11.18-18.24.20:922][581]LogPlayLevel: PlayLevel: No blueprints needed recompiling
[2017.11.18-18.24.20:922][581]PIE: New page: SIE session: SideScrollerExampleMap (Nov 18, 2017, 8:24:20 PM)
[2017.11.18-18.24.20:922][581]LogPlayLevel: Creating play world package: /Game/SideScrollerBP/Maps/UEDPIE_0_SideScrollerExampleMap
[2017.11.18-18.24.20:961][581]LogPlayLevel: PIE: StaticDuplicateObject took: (0.038820s)
[2017.11.18-18.24.20:962][581]LogAIModule: Creating AISystem for world SideScrollerExampleMap
[2017.11.18-18.24.20:963][581]LogPlayLevel: PIE: World Init took: (0.001545s)
[2017.11.18-18.24.20:963][581]LogPlayLevel: PIE: Created PIE world by copying editor world from /Game/SideScrollerBP/Maps/SideScrollerExampleMap.SideScrollerExampleMap to /Game/SideScrollerBP/Maps/UEDPIE_0_SideScrollerExampleMap.SideScrollerExampleMap (0.040956s)
[2017.11.18-18.24.21:072][581]LogInit: XAudio2 using 'Speakers (Realtek High Definition Audio)' : 2 channels at 48 kHz using 32 bits per sample (channel mask 0x3)
[2017.11.18-18.24.21:085][581]LogInit: FAudioDevice initialized.
[2017.11.18-18.24.21:121][581]LogLoad: Game class is 'GameModeBase'
[2017.11.18-18.24.21:125][581]LogWorld: Bringing World /Game/SideScrollerBP/Maps/UEDPIE_0_SideScrollerExampleMap.SideScrollerExampleMap up for play (max tick rate 0) at 2017.11.18-19.24.21
[2017.11.18-18.24.21:125][581]LogWorld: Bringing up level for play took: 0.003963
[2017.11.18-18.24.21:127][581]PIE: Play in editor start time for /Game/SideScrollerBP/Maps/UEDPIE_0_SideScrollerExampleMap 0.937
[2017.11.18-18.24.21:215][581]LogBlueprintUserMessages: Late PlayInEditor Detection: Level '/Game/SideScrollerBP/Maps/SideScrollerExampleMap.SideScrollerExampleMap:PersistentLevel' has LevelScriptBlueprint '/Game/SideScrollerBP/Maps/SideScrollerExampleMap.SideScrollerExampleMap:PersistentLevel.SideScrollerExampleMap' with GeneratedClass '/Game/SideScrollerBP/Maps/SideScrollerExampleMap.SideScrollerExampleMap_C' with ClassGeneratedBy '/Game/SideScrollerBP/Maps/SideScrollerExampleMap.SideScrollerExampleMap:PersistentLevel.SideScrollerExampleMap'
[2017.11.18-18.24.27:752][954]LogBlueprintUserMessages: Early EndPlayMap Detection: Level '/Game/SideScrollerBP/Maps/SideScrollerExampleMap.SideScrollerExampleMap:PersistentLevel' has LevelScriptBlueprint '/Game/SideScrollerBP/Maps/SideScrollerExampleMap.SideScrollerExampleMap:PersistentLevel.SideScrollerExampleMap' with GeneratedClass '/Game/SideScrollerBP/Maps/SideScrollerExampleMap.SideScrollerExampleMap_C' with ClassGeneratedBy '/Game/SideScrollerBP/Maps/SideScrollerExampleMap.SideScrollerExampleMap:PersistentLevel.SideScrollerExampleMap'
[2017.11.18-18.24.27:796][954]LogBlueprintUserMessages: Late EndPlayMap Detection: Level '/Game/SideScrollerBP/Maps/SideScrollerExampleMap.SideScrollerExampleMap:PersistentLevel' has LevelScriptBlueprint '/Game/SideScrollerBP/Maps/SideScrollerExampleMap.SideScrollerExampleMap:PersistentLevel.SideScrollerExampleMap' with GeneratedClass '/Game/SideScrollerBP/Maps/SideScrollerExampleMap.SideScrollerExampleMap_C' with ClassGeneratedBy '/Game/SideScrollerBP/Maps/SideScrollerExampleMap.SideScrollerExampleMap:PersistentLevel.SideScrollerExampleMap'
[2017.11.18-18.24.34:210][288]LogSlate: Took 0.015801 seconds to synchronously load lazily loaded font '../../../Engine/Content/Editor/Slate/Fonts/Roboto-Italic.ttf' (157K)
[2017.11.18-18.24.39:327][471]LogEditorViewport: Clicking on Actor (LMB): StaticMeshActor (SM_Exo_Cover_5)
[2017.11.18-18.24.54:171][ 86]LogEditorViewport: Clicking on Actor (LMB): SideScrollerCharacter_C (SideScrollerCharacter)
[2017.11.18-18.24.54:206][ 86]LogEditorViewport: Clicking on Component (LMB): SkeletalMeshComponent (CharacterMesh0)
[2017.11.18-18.24.55:067][117]LogEditorViewport: Clicking on Component (LMB): SkeletalMeshComponent (CharacterMesh0)
[2017.11.18-18.24.55:140][118]LogEditorViewport: Clicking on Actor (double click): SideScrollerCharacter_C (SideScrollerCharacter)
[2017.11.18-18.24.55:404][124]LogEditorViewport: Clicking on Actor (LMB): SideScrollerCharacter_C (SideScrollerCharacter)
[2017.11.18-18.25.14:485][866]LogContentBrowser: Native class hierarchy updated for 'BlueprintGraph' in 0.0016 seconds. Added 116 classes and 0 folders.
[2017.11.18-18.25.16:080][866]LogSlate: Took 0.011987 seconds to synchronously load lazily loaded font '../../../Engine/Content/Editor/Slate/Fonts/Roboto-BoldCondensed.ttf' (158K)
[2017.11.18-18.25.28:454][279]BlueprintLog: New page: Compile SideScrollerCharacter
[2017.11.18-18.25.28:472][279]LogBlueprint: Warning: [Compiler SideScrollerCharacter] Input Axis Event references unknown Axis 'MoveRight' for  InputAxis MoveRight
[2017.11.18-18.25.28:472][279]LogBlueprint: Warning: [Compiler SideScrollerCharacter] InputAction Event references unknown Action 'Jump' for  InputAction Jump
[2017.11.18-18.25.29:122][279]LogBlueprint: Warning: [Compiler SideScrollerCharacter] [1104.70] Compile of SideScrollerCharacter successful, but with 2 Warning(s) [in 668 ms] (/Game/SideScrollerBP/Blueprints/SideScrollerCharacter.SideScrollerCharacter)
[2017.11.18-18.26.13:193][524]LogWindows: Windows GetLastError: The operation completed successfully. (0)
[2017.11.18-18.26.22:491][524]LogWindows: Error: === Critical error: ===
[2017.11.18-18.26.22:491][524]LogWindows: Error: 
[2017.11.18-18.26.22:491][524]LogWindows: Error: Fatal error: [File:D:\Build\++UE4+Release-4.18+Compile\Sync\Engine\Source\Runtime\CoreUObject\Private\Templates\Casts.cpp] [Line: 10] 
[2017.11.18-18.26.22:491][524]LogWindows: Error: Cast of CharacterMovementComponent /Game/SideScrollerBP/Maps/SideScrollerExampleMap.SideScrollerExampleMap:PersistentLevel.SideScrollerCharacter_78.CharMoveComp to SceneComponent failed
[2017.11.18-18.26.22:491][524]LogWindows: Error: 
[2017.11.18-18.26.22:491][524]LogWindows: Error: 
[2017.11.18-18.26.22:491][524]LogWindows: Error: [Callstack] 0x0000000056399D98 KERNELBASE.dll!UnknownFunction []
[2017.11.18-18.26.22:491][524]LogWindows: Error: [Callstack] 0x00000000411676D4 UE4Editor-ApplicationCore.dll!UnknownFunction []
[2017.11.18-18.26.22:491][524]LogWindows: Error: [Callstack] 0x0000000033F5330B UE4Editor-Core.dll!UnknownFunction []
[2017.11.18-18.26.22:492][524]LogWindows: Error: [Callstack] 0x0000000033EE47F9 UE4Editor-Core.dll!UnknownFunction []
[2017.11.18-18.26.22:492][524]LogWindows: Error: [Callstack] 0x000000003472D812 UE4Editor-CoreUObject.dll!UnknownFunction []
[2017.11.18-18.26.22:492][524]LogWindows: Error: [Callstack] 0x00000000324E3EE7 UE4Editor-UnrealEd.dll!UnknownFunction []
[2017.11.18-18.26.22:492][524]LogWindows: Error: [Callstack] 0x0000000032984014 UE4Editor-UnrealEd.dll!UnknownFunction []
[2017.11.18-18.26.22:492][524]LogWindows: Error: [Callstack] 0x00000000329BFE7D UE4Editor-UnrealEd.dll!UnknownFunction []
[2017.11.18-18.26.22:492][524]LogWindows: Error: [Callstack] 0x00000000325B2951 UE4Editor-UnrealEd.dll!UnknownFunction []
[2017.11.18-18.26.22:492][524]LogWindows: Error: [Callstack] 0x000000003259877E UE4Editor-UnrealEd.dll!UnknownFunction []
[2017.11.18-18.26.22:492][524]LogWindows: Error: [Callstack] 0x0000000032970D80 UE4Editor-UnrealEd.dll!UnknownFunction []
[2017.11.18-18.26.22:492][524]LogWindows: Error: [Callstack] 0x0000000003E2328A UE4Editor-Engine.dll!UnknownFunction []
[2017.11.18-18.26.22:492][524]LogWindows: Error: [Callstack] 0x0000000033A66D44 UE4Editor-Slate.dll!UnknownFunction []
[2017.11.18-18.26.22:492][524]LogWindows: Error: [Callstack] 0x00000000337F5EFC UE4Editor-Slate.dll!UnknownFunction []
[2017.11.18-18.26.22:492][524]LogWindows: Error: [Callstack] 0x00000000337C8095 UE4Editor-Slate.dll!UnknownFunction []
[2017.11.18-18.26.22:492][524]LogWindows: Error: [Callstack] 0x00000000338628A7 UE4Editor-Slate.dll!UnknownFunction []
[2017.11.18-18.26.22:492][524]LogWindows: Error: [Callstack] 0x000000003384B092 UE4Editor-Slate.dll!UnknownFunction []
[2017.11.18-18.26.22:492][524]LogWindows: Error: [Callstack] 0x000000003383D902 UE4Editor-Slate.dll!UnknownFunction []
[2017.11.18-18.26.22:492][524]LogWindows: Error: [Callstack] 0x000000004115E54B UE4Editor-ApplicationCore.dll!UnknownFunction []
[2017.11.18-18.26.22:493][524]LogWindows: Error: [Callstack] 0x0000000041151A48 UE4Editor-ApplicationCore.dll!UnknownFunction []
[2017.11.18-18.26.22:493][524]LogWindows: Error: [Callstack] 0x00000000411603EC UE4Editor-ApplicationCore.dll!UnknownFunction []
[2017.11.18-18.26.22:493][524]LogWindows: Error: [Callstack] 0x000000004114D5A9 UE4Editor-ApplicationCore.dll!UnknownFunction []
[2017.11.18-18.26.22:493][524]LogWindows: Error: [Callstack] 0x0000000057AABC50 USER32.dll!UnknownFunction []
[2017.11.18-18.26.22:493][524]LogWindows: Error: [Callstack] 0x0000000057AAB5CF USER32.dll!UnknownFunction []
[2017.11.18-18.26.22:493][524]LogWindows: Error: [Callstack] 0x0000000041161516 UE4Editor-ApplicationCore.dll!UnknownFunction []
[2017.11.18-18.26.22:493][524]LogWindows: Error: [Callstack] 0x000000006EC150C8 UE4Editor.exe!UnknownFunction []
[2017.11.18-18.26.22:493][524]LogWindows: Error: [Callstack] 0x000000006EC25430 UE4Editor.exe!UnknownFunction []
[2017.11.18-18.26.22:493][524]LogWindows: Error: [Callstack] 0x000000006EC254AA UE4Editor.exe!UnknownFunction []
[2017.11.18-18.26.22:493][524]LogWindows: Error: [Callstack] 0x000000006EC32379 UE4Editor.exe!UnknownFunction []
[2017.11.18-18.26.22:493][524]LogWindows: Error: [Callstack] 0x000000006EC33D57 UE4Editor.exe!UnknownFunction []
[2017.11.18-18.26.22:493][524]LogWindows: Error: [Callstack] 0x0000000057EC2774 KERNEL32.DLL!UnknownFunction []
[2017.11.18-18.26.22:493][524]LogWindows: Error: [Callstack] 0x0000000059DD0D51 ntdll.dll!UnknownFunction []
[2017.11.18-18.26.22:493][524]LogWindows: Error: [Callstack] 0x0000000059DD0D51 ntdll.dll!UnknownFunction []
[2017.11.18-18.26.22:493][524]LogWindows: Error: 
[2017.11.18-18.26.22:509][524]LogExit: Executing StaticShutdownAfterError
[2017.11.18-18.26.22:514][524]LogWindows: FPlatformMisc::RequestExit(1)
[2017.11.18-18.26.22:538][524]Log file closed, 11/18/17 19:26:22
