Log file open, 11/18/17 19:06:02
LogWindows: Failed to load 'aqProf.dll' (GetLastError=126)
LogWindows: File 'aqProf.dll' does not exist
LogWindows: Failed to load 'VSPerf140.dll' (GetLastError=126)
LogWindows: File 'VSPerf140.dll' does not exist
LogWindows: Failed to load 'VtuneApi.dll' (GetLastError=126)
LogWindows: File 'VtuneApi.dll' does not exist
LogWindows: Failed to load 'VtuneApi32e.dll' (GetLastError=126)
LogWindows: File 'VtuneApi32e.dll' does not exist
LogInit: Display: Running engine for game: DejoMisoKonji
LogPlatformFile: Not using cached read wrapper
LogInit: Display: RandInit(170071642) SRandInit(170071642).
LogInit: Read version file with build ID '3709383'
LogInit: Overriding engine version to CL 3754814, compatible CL 3709383
LogInit: Registered custom module enumerator with build ID '3709383'
LogTaskGraph: Started task graph with 5 named threads and 8 total threads with 3 sets of task threads.
LogStats: Stats thread started at 0.125469
LogD3D11RHI: Aftermath initialized
LogModuleManager: Display: Found up-to-date module file ../../../Engine/Plugins/2D/Paper2D/Binaries/Win64/UE4Editor-Paper2D.dll (API version 3709383).
LogModuleManager: Display: Found up-to-date module file ../../../Engine/Plugins/2D/Paper2D/Binaries/Win64/UE4Editor-Paper2DEditor.dll (API version 3709383).
LogModuleManager: Display: Found up-to-date module file ../../../Engine/Plugins/2D/Paper2D/Binaries/Win64/UE4Editor-PaperSpriteSheetImporter.dll (API version 3709383).
LogModuleManager: Display: Found up-to-date module file ../../../Engine/Plugins/2D/Paper2D/Binaries/Win64/UE4Editor-PaperTiledImporter.dll (API version 3709383).
LogModuleManager: Display: Found up-to-date module file ../../../Engine/Plugins/2D/Paper2D/Binaries/Win64/UE4Editor-SmartSnapping.dll (API version 3709383).
LogModuleManager: Display: Found up-to-date module file ../../../Engine/Plugins/Blendables/LightPropagationVolume/Binaries/Win64/UE4Editor-LightPropagationVolumeRuntime.dll (API version 3709383).
LogModuleManager: Display: Found up-to-date module file ../../../Engine/Plugins/Blendables/LightPropagationVolume/Binaries/Win64/UE4Editor-LightPropagationVolumeEditor.dll (API version 3709383).
LogModuleManager: Display: Found up-to-date module file ../../../Engine/Plugins/Developer/GitSourceControl/Binaries/Win64/UE4Editor-GitSourceControl.dll (API version 3709383).
LogModuleManager: Display: Found up-to-date module file ../../../Engine/Plugins/Developer/PerforceSourceControl/Binaries/Win64/UE4Editor-PerforceSourceControl.dll (API version 3709383).
LogModuleManager: Display: Found up-to-date module file ../../../Engine/Plugins/Developer/SubversionSourceControl/Binaries/Win64/UE4Editor-SubversionSourceControl.dll (API version 3709383).
LogModuleManager: Display: Found up-to-date module file ../../../Engine/Plugins/Developer/UObjectPlugin/Binaries/Win64/UE4Editor-UObjectPlugin.dll (API version 3709383).
LogModuleManager: Display: Found up-to-date module file ../../../Engine/Plugins/Developer/VisualStudioCodeSourceCodeAccess/Binaries/Win64/UE4Editor-VisualStudioCodeSourceCodeAccess.dll (API version 3709383).
LogModuleManager: Display: Found up-to-date module file ../../../Engine/Plugins/Developer/VisualStudioSourceCodeAccess/Binaries/Win64/UE4Editor-VisualStudioSourceCodeAccess.dll (API version 3709383).
LogModuleManager: Display: Found up-to-date module file ../../../Engine/Plugins/Editor/AssetManagerEditor/Binaries/Win64/UE4Editor-AssetManagerEditor.dll (API version 3709383).
LogModuleManager: Display: Found up-to-date module file ../../../Engine/Plugins/Editor/AudioCapture/Binaries/Win64/UE4Editor-AudioCapture.dll (API version 3709383).
LogModuleManager: Display: Found up-to-date module file ../../../Engine/Plugins/Editor/FacialAnimation/Binaries/Win64/UE4Editor-FacialAnimation.dll (API version 3709383).
LogModuleManager: Display: Found up-to-date module file ../../../Engine/Plugins/Editor/FacialAnimation/Binaries/Win64/UE4Editor-FacialAnimationEditor.dll (API version 3709383).
LogModuleManager: Display: Found up-to-date module file ../../../Engine/Plugins/Editor/GameplayTagsEditor/Binaries/Win64/UE4Editor-GameplayTagsEditor.dll (API version 3709383).
LogModuleManager: Display: Found up-to-date module file ../../../Engine/Plugins/Editor/MobileLauncherProfileWizard/Binaries/Win64/UE4Editor-MobileLauncherProfileWizard.dll (API version 3709383).
LogModuleManager: Display: Found up-to-date module file ../../../Engine/Plugins/Editor/PluginBrowser/Binaries/Win64/UE4Editor-PluginBrowser.dll (API version 3709383).
LogModuleManager: Display: Found up-to-date module file ../../../Engine/Plugins/Editor/SpeedTreeImporter/Binaries/Win64/UE4Editor-SpeedTreeImporter.dll (API version 3709383).
LogModuleManager: Display: Found up-to-date module file ../../../Engine/Plugins/Experimental/AlembicImporter/Binaries/Win64/UE4Editor-AlembicImporter.dll (API version 3709383).
LogModuleManager: Display: Found up-to-date module file ../../../Engine/Plugins/Experimental/AlembicImporter/Binaries/Win64/UE4Editor-AlembicLibrary.dll (API version 3709383).
LogModuleManager: Display: Found up-to-date module file ../../../Engine/Plugins/Experimental/CharacterAI/Binaries/Win64/UE4Editor-CharacterAI.dll (API version 3709383).
LogModuleManager: Display: Found up-to-date module file ../../../Engine/Plugins/Experimental/HTML5Networking/Binaries/Win64/UE4Editor-HTML5Networking.dll (API version 3709383).
LogModuleManager: Display: Found up-to-date module file ../../../Engine/Plugins/Media/AndroidMedia/Binaries/Win64/UE4Editor-AndroidMediaEditor.dll (API version 3709383).
LogModuleManager: Display: Found up-to-date module file ../../../Engine/Plugins/Media/AndroidMedia/Binaries/Win64/UE4Editor-AndroidMediaFactory.dll (API version 3709383).
LogModuleManager: Display: Found up-to-date module file ../../../Engine/Plugins/Media/AvfMedia/Binaries/Win64/UE4Editor-AvfMediaEditor.dll (API version 3709383).
LogModuleManager: Display: Found up-to-date module file ../../../Engine/Plugins/Media/AvfMedia/Binaries/Win64/UE4Editor-AvfMediaFactory.dll (API version 3709383).
LogModuleManager: Display: Found up-to-date module file ../../../Engine/Plugins/Media/AvfMedia/Binaries/Win64/UE4Editor-AvfMediaFactory.dll (API version 3709383).
LogModuleManager: Display: Found up-to-date module file ../../../Engine/Plugins/Media/ImgMedia/Binaries/Win64/UE4Editor-ImgMedia.dll (API version 3709383).
LogModuleManager: Display: Found up-to-date module file ../../../Engine/Plugins/Media/ImgMedia/Binaries/Win64/UE4Editor-ImgMediaEditor.dll (API version 3709383).
LogModuleManager: Display: Found up-to-date module file ../../../Engine/Plugins/Media/ImgMedia/Binaries/Win64/UE4Editor-ImgMediaFactory.dll (API version 3709383).
LogModuleManager: Display: Found up-to-date module file ../../../Engine/Plugins/Media/ImgMedia/Binaries/Win64/UE4Editor-ImgMediaFactory.dll (API version 3709383).
LogModuleManager: Display: Found up-to-date module file ../../../Engine/Plugins/Media/ImgMedia/Binaries/Win64/UE4Editor-OpenExrWrapper.dll (API version 3709383).
LogModuleManager: Display: Found up-to-date module file ../../../Engine/Plugins/Media/MediaCompositing/Binaries/Win64/UE4Editor-MediaCompositing.dll (API version 3709383).
LogModuleManager: Display: Found up-to-date module file ../../../Engine/Plugins/Media/MediaCompositing/Binaries/Win64/UE4Editor-MediaCompositingEditor.dll (API version 3709383).
LogModuleManager: Display: Found up-to-date module file ../../../Engine/Plugins/Media/MediaPlayerEditor/Binaries/Win64/UE4Editor-MediaPlayerEditor.dll (API version 3709383).
LogModuleManager: Display: Found up-to-date module file ../../../Engine/Plugins/Media/WmfMedia/Binaries/Win64/UE4Editor-WmfMedia.dll (API version 3709383).
LogModuleManager: Display: Found up-to-date module file ../../../Engine/Plugins/Media/WmfMedia/Binaries/Win64/UE4Editor-WmfMediaEditor.dll (API version 3709383).
LogModuleManager: Display: Found up-to-date module file ../../../Engine/Plugins/Media/WmfMedia/Binaries/Win64/UE4Editor-WmfMediaFactory.dll (API version 3709383).
LogModuleManager: Display: Found up-to-date module file ../../../Engine/Plugins/Media/WmfMedia/Binaries/Win64/UE4Editor-WmfMediaFactory.dll (API version 3709383).
LogModuleManager: Display: Found up-to-date module file ../../../Engine/Plugins/Messaging/TcpMessaging/Binaries/Win64/UE4Editor-TcpMessaging.dll (API version 3709383).
LogModuleManager: Display: Found up-to-date module file ../../../Engine/Plugins/Messaging/UdpMessaging/Binaries/Win64/UE4Editor-UdpMessaging.dll (API version 3709383).
LogModuleManager: Display: Found up-to-date module file ../../../Engine/Plugins/MovieScene/ActorSequence/Binaries/Win64/UE4Editor-ActorSequence.dll (API version 3709383).
LogModuleManager: Display: Found up-to-date module file ../../../Engine/Plugins/MovieScene/LevelSequenceEditor/Binaries/Win64/UE4Editor-LevelSequenceEditor.dll (API version 3709383).
LogModuleManager: Display: Found up-to-date module file ../../../Engine/Plugins/MovieScene/MatineeToLevelSequence/Binaries/Win64/UE4Editor-MatineeToLevelSequence.dll (API version 3709383).
LogModuleManager: Display: Found up-to-date module file ../../../Engine/Plugins/Online/OnlineSubsystem/Binaries/Win64/UE4Editor-OnlineSubsystem.dll (API version 3709383).
LogModuleManager: Display: Found up-to-date module file ../../../Engine/Plugins/Runtime/AndroidPermission/Binaries/Win64/UE4Editor-AndroidPermission.dll (API version 3709383).
LogModuleManager: Display: Found up-to-date module file ../../../Engine/Plugins/Online/OnlineSubsystemNull/Binaries/Win64/UE4Editor-OnlineSubsystemNull.dll (API version 3709383).
LogModuleManager: Display: Found up-to-date module file ../../../Engine/Plugins/Online/OnlineSubsystemUtils/Binaries/Win64/UE4Editor-OnlineSubsystemUtils.dll (API version 3709383).
LogModuleManager: Display: Found up-to-date module file ../../../Engine/Plugins/Online/OnlineSubsystemUtils/Binaries/Win64/UE4Editor-OnlineBlueprintSupport.dll (API version 3709383).
LogModuleManager: Display: Found up-to-date module file ../../../Engine/Plugins/Runtime/AndroidDeviceProfileSelector/Binaries/Win64/UE4Editor-AndroidDeviceProfileSelector.dll (API version 3709383).
LogModuleManager: Display: Found up-to-date module file ../../../Engine/Plugins/Runtime/AppleARKit/Binaries/Win64/UE4Editor-AppleARKit.dll (API version 3709383).
LogModuleManager: Display: Found up-to-date module file ../../../Engine/Plugins/Runtime/ArchVisCharacter/Binaries/Win64/UE4Editor-ArchVisCharacter.dll (API version 3709383).
LogModuleManager: Display: Found up-to-date module file ../../../Engine/Plugins/Runtime/CableComponent/Binaries/Win64/UE4Editor-CableComponent.dll (API version 3709383).
LogModuleManager: Display: Found up-to-date module file ../../../Engine/Plugins/Runtime/CustomMeshComponent/Binaries/Win64/UE4Editor-CustomMeshComponent.dll (API version 3709383).
LogModuleManager: Display: Found up-to-date module file ../../../Engine/Plugins/Runtime/ExampleDeviceProfileSelector/Binaries/Win64/UE4Editor-ExampleDeviceProfileSelector.dll (API version 3709383).
LogModuleManager: Display: Found up-to-date module file ../../../Engine/Plugins/Runtime/ImmediatePhysics/Binaries/Win64/UE4Editor-ImmediatePhysics.dll (API version 3709383).
LogModuleManager: Display: Found up-to-date module file ../../../Engine/Plugins/Runtime/ImmediatePhysics/Binaries/Win64/UE4Editor-ImmediatePhysicsEditor.dll (API version 3709383).
LogModuleManager: Display: Found up-to-date module file ../../../Engine/Plugins/Runtime/LocationServicesBPLibrary/Binaries/Win64/UE4Editor-LocationServicesBPLibrary.dll (API version 3709383).
LogModuleManager: Display: Found up-to-date module file ../../../Engine/Plugins/Runtime/MobilePatchingUtils/Binaries/Win64/UE4Editor-MobilePatchingUtils.dll (API version 3709383).
LogModuleManager: Display: Found up-to-date module file ../../../Engine/Plugins/Runtime/Oculus/OculusVR/Binaries/Win64/UE4Editor-OculusHMD.dll (API version 3709383).
LogModuleManager: Display: Found up-to-date module file ../../../Engine/Plugins/Runtime/Oculus/OculusVR/Binaries/Win64/UE4Editor-OculusInput.dll (API version 3709383).
LogModuleManager: Display: Found up-to-date module file ../../../Engine/Plugins/Runtime/Oculus/OculusVR/Binaries/Win64/UE4Editor-OculusEditor.dll (API version 3709383).
LogModuleManager: Display: Found up-to-date module file ../../../Engine/Plugins/Runtime/PhysXVehicles/Binaries/Win64/UE4Editor-PhysXVehicles.dll (API version 3709383).
LogModuleManager: Display: Found up-to-date module file ../../../Engine/Plugins/Runtime/PhysXVehicles/Binaries/Win64/UE4Editor-PhysXVehiclesEditor.dll (API version 3709383).
LogModuleManager: Display: Found up-to-date module file ../../../Engine/Plugins/Runtime/ProceduralMeshComponent/Binaries/Win64/UE4Editor-ProceduralMeshComponent.dll (API version 3709383).
LogModuleManager: Display: Found up-to-date module file ../../../Engine/Plugins/Runtime/ProceduralMeshComponent/Binaries/Win64/UE4Editor-ProceduralMeshComponentEditor.dll (API version 3709383).
LogModuleManager: Display: Found up-to-date module file ../../../Engine/Plugins/Runtime/RuntimePhysXCooking/Binaries/Win64/UE4Editor-RuntimePhysXCooking.dll (API version 3709383).
LogModuleManager: Display: Found up-to-date module file ../../../Engine/Plugins/Runtime/Steam/SteamVR/Binaries/Win64/UE4Editor-SteamVR.dll (API version 3709383).
LogModuleManager: Display: Found up-to-date module file ../../../Engine/Plugins/Runtime/Steam/SteamVR/Binaries/Win64/UE4Editor-SteamVRController.dll (API version 3709383).
LogModuleManager: Display: Found up-to-date module file ../../../Engine/Plugins/Runtime/WindowsMoviePlayer/Binaries/Win64/UE4Editor-WindowsMoviePlayer.dll (API version 3709383).
LogPluginManager: Mounting plugin Paper2D
LogPluginManager: Mounting plugin LightPropagationVolume
LogPluginManager: Mounting plugin CodeLiteSourceCodeAccess
LogPluginManager: Mounting plugin GitSourceControl
LogPluginManager: Mounting plugin KDevelopSourceCodeAccess
LogPluginManager: Mounting plugin NullSourceCodeAccess
LogPluginManager: Mounting plugin PerforceSourceControl
LogPluginManager: Mounting plugin SubversionSourceControl
LogPluginManager: Mounting plugin UObjectPlugin
LogPluginManager: Mounting plugin VisualStudioCodeSourceCodeAccess
LogPluginManager: Mounting plugin VisualStudioSourceCodeAccess
LogPluginManager: Mounting plugin XCodeSourceCodeAccess
LogPluginManager: Mounting plugin AssetManagerEditor
LogPluginManager: Mounting plugin AudioCapture
LogPluginManager: Mounting plugin FacialAnimation
LogPluginManager: Mounting plugin GameplayTagsEditor
LogPluginManager: Mounting plugin MobileLauncherProfileWizard
LogPluginManager: Mounting plugin PluginBrowser
LogPluginManager: Mounting plugin SpeedTreeImporter
LogPluginManager: Mounting plugin AlembicImporter
LogPluginManager: Mounting plugin CharacterAI
LogPluginManager: Mounting plugin HTML5Networking
LogPluginManager: Mounting plugin AndroidMedia
LogPluginManager: Mounting plugin AvfMedia
LogPluginManager: Mounting plugin ImgMedia
LogPluginManager: Mounting plugin MediaCompositing
LogPluginManager: Mounting plugin MediaPlayerEditor
LogPluginManager: Mounting plugin WmfMedia
LogPluginManager: Mounting plugin TcpMessaging
LogPluginManager: Mounting plugin UdpMessaging
LogPluginManager: Mounting plugin ActorSequence
LogPluginManager: Mounting plugin LevelSequenceEditor
LogPluginManager: Mounting plugin MatineeToLevelSequence
LogPluginManager: Mounting plugin OnlineSubsystemGooglePlay
LogPluginManager: Mounting plugin OnlineSubsystemIOS
LogPluginManager: Mounting plugin OnlineSubsystem
LogPluginManager: Mounting plugin OnlineSubsystemNull
LogPluginManager: Mounting plugin OnlineSubsystemUtils
LogPluginManager: Mounting plugin AndroidDeviceProfileSelector
LogPluginManager: Mounting plugin AndroidMoviePlayer
LogPluginManager: Mounting plugin AndroidPermission
LogPluginManager: Mounting plugin AppleARKit
LogPluginManager: Mounting plugin AppleMoviePlayer
LogPluginManager: Mounting plugin ArchVisCharacter
LogPluginManager: Mounting plugin CableComponent
LogPluginManager: Mounting plugin CustomMeshComponent
LogPluginManager: Mounting plugin ExampleDeviceProfileSelector
LogPluginManager: Mounting plugin GoogleCloudMessaging
LogPluginManager: Mounting plugin ImmediatePhysics
LogPluginManager: Mounting plugin IOSDeviceProfileSelector
LogPluginManager: Mounting plugin LinuxDeviceProfileSelector
LogPluginManager: Mounting plugin LocationServicesBPLibrary
LogPluginManager: Mounting plugin MobilePatchingUtils
LogPluginManager: Mounting plugin OculusVR
LogPluginManager: Plugin shader directory ../../../Engine/Plugins/Runtime/Oculus/OculusVR/Shaders found
LogPluginManager: Mapping shader source directory ../../../Engine/Plugins/Runtime/Oculus/OculusVR/Shaders to virtual directory /Plugin/OculusVR
LogPluginManager: Mounting plugin PhysXVehicles
LogPluginManager: Mounting plugin ProceduralMeshComponent
LogPluginManager: Mounting plugin RuntimePhysXCooking
LogPluginManager: Mounting plugin SteamVR
LogPluginManager: Mounting plugin WindowsMoviePlayer
LogInit: Using libcurl 7.47.1
LogInit:  - built for x86_64-pc-win32
LogInit:  - supports SSL with OpenSSL/1.0.2g
LogInit:  - supports HTTP deflate (compression) using libz 1.2.8
LogInit:  - other features:
LogInit:      CURL_VERSION_SSL
LogInit:      CURL_VERSION_LIBZ
LogInit:      CURL_VERSION_IPV6
LogInit:      CURL_VERSION_ASYNCHDNS
LogInit:      CURL_VERSION_LARGEFILE
LogInit:      CURL_VERSION_IDN
LogInit:  CurlRequestOptions (configurable via config and command line):
LogInit:  - bVerifyPeer = false  - Libcurl will NOT verify peer certificate
LogInit:  - bUseHttpProxy = false  - Libcurl will NOT use HTTP proxy
LogInit:  - bDontReuseConnections = false  - Libcurl will reuse connections
LogInit:  - CertBundlePath = nullptr  - Libcurl will use whatever was configured at build time.
LogInit: Build: ++UE4+Release-4.18-CL-3754814
LogInit: Engine Version: 4.18.1-3754814+++UE4+Release-4.18
LogInit: Compatible Engine Version: 4.18.0-3709383+++UE4+Release-4.18
LogInit: Net CL: 3709383
LogDevObjectVersion: Number of dev versions registered: 16
LogDevObjectVersion:   Dev-Blueprints (B0D832E4-1F89-4F0D-ACCF-7EB736FD4AA2): 10
LogDevObjectVersion:   Dev-Build (E1C64328-A22C-4D53-A36C-8E866417BD8C): 0
LogDevObjectVersion:   Dev-Core (375EC13C-06E4-48FB-B500-84F0262A717E): 2
LogDevObjectVersion:   Dev-Editor (E4B068ED-F494-42E9-A231-DA0B2E46BB41): 20
LogDevObjectVersion:   Dev-Framework (CFFC743F-43B0-4480-9391-14DF171D2073): 30
LogDevObjectVersion:   Dev-Mobile (B02B49B5-BB20-44E9-A304-32B752E40360): 0
LogDevObjectVersion:   Dev-Networking (A4E4105C-59A1-49B5-A7C5-40C4547EDFEE): 0
LogDevObjectVersion:   Dev-Online (39C831C9-5AE6-47DC-9A44-9C173E1C8E7C): 0
LogDevObjectVersion:   Dev-Physics (78F01B33-EBEA-4F98-B9B4-84EACCB95AA2): 0
LogDevObjectVersion:   Dev-Platform (6631380F-2D4D-43E0-8009-CF276956A95A): 0
LogDevObjectVersion:   Dev-Rendering (12F88B9F-8875-4AFC-A67C-D90C383ABD29): 20
LogDevObjectVersion:   Dev-Sequencer (7B5AE74C-D270-4C10-A958-57980B212A5A): 4
LogDevObjectVersion:   Dev-VR (D7296918-1DD6-4BDD-9DE2-64A83CC13884): 0
LogDevObjectVersion:   Dev-LoadTimes (C2A15278-BFE7-4AFE-6C17-90FF531DF755): 1
LogDevObjectVersion:   Private-Geometry (6EACA3D4-40EC-4CC1-B786-8BED09428FC5): 1
LogDevObjectVersion:   Dev-AnimPhys (29E575DD-E0A3-4627-9D10-D276232CDCEA): 12
LogInit: Compiled (64-bit): Nov 14 2017 02:05:55
LogInit: Compiled with Visual C++: 19.00.24215.01
LogInit: Build Configuration: Development
LogInit: Branch Name: ++UE4+Release-4.18
LogInit: Command line:  
LogInit: Base directory: d:/Program Files/Epic Games/UE_4.18/Engine/Binaries/Win64/
LogInit: Installed Engine Build: 1
LogInit: Presizing for max 8388607 objects, including 0 objects not considered by GC, pre-allocating 0 bytes for permanent pool.
LogInit: Object subsystem initialized
[2017.11.18-18.06.04:002][  0]LogInit: Selected Device Profile: [Windows]
[2017.11.18-18.06.04:002][  0]LogInit: Applying CVar settings loaded from the selected device profile: [Windows]
[2017.11.18-18.06.04:022][  0]LogInit: Computer: MIND
[2017.11.18-18.06.04:022][  0]LogInit: User: milos
[2017.11.18-18.06.04:022][  0]LogInit: CPU Page size=4096, Cores=2
[2017.11.18-18.06.04:022][  0]LogInit: High frequency timer resolution =3.117143 MHz
[2017.11.18-18.06.04:023][  0]LogMemory: Memory total: Physical=8.0GB (8GB approx)
[2017.11.18-18.06.04:023][  0]LogMemory: Platform Memory Stats for Windows
[2017.11.18-18.06.04:023][  0]LogMemory: Process Physical Memory: 270.45 MB used, 270.45 MB peak
[2017.11.18-18.06.04:023][  0]LogMemory: Process Virtual Memory: 269.05 MB used, 269.05 MB peak
[2017.11.18-18.06.04:023][  0]LogMemory: Physical Memory: 5024.00 MB used,  3124.82 MB free, 8148.82 MB total
[2017.11.18-18.06.04:023][  0]LogMemory: Virtual Memory: 639.87 MB used,  3124.82 MB free, 134217728.00 MB total
[2017.11.18-18.06.04:233][  0]LogInit: Using OS detected language (en-US).
[2017.11.18-18.06.04:233][  0]LogInit: Using OS detected locale (en-US).
[2017.11.18-18.06.04:240][  0]LogTextLocalizationManager: No specific localization for 'en-US' exists, so the 'en' localization will be used.
[2017.11.18-18.06.04:710][  0]LogInit: Setting process to per monitor DPI aware
[2017.11.18-18.06.05:232][  0]LogD3D11RHI: D3D11 adapters:
[2017.11.18-18.06.05:273][  0]LogD3D11RHI:    0. 'NVIDIA GeForce GTX 650 Ti' (Feature Level 11_0)
[2017.11.18-18.06.05:273][  0]LogD3D11RHI:       995/0/4074 MB DedicatedVideo/DedicatedSystem/SharedSystem, Outputs:1, VendorId:0x10de
[2017.11.18-18.06.05:275][  0]LogD3D11RHI:    1. 'Microsoft Basic Render Driver' (Feature Level 11_0)
[2017.11.18-18.06.05:276][  0]LogD3D11RHI:       0/0/4074 MB DedicatedVideo/DedicatedSystem/SharedSystem, Outputs:0, VendorId:0x1414
[2017.11.18-18.06.05:276][  0]LogD3D11RHI: Chosen D3D11 Adapter: 0
[2017.11.18-18.06.05:281][  0]LogD3D11RHI: Creating new Direct3DDevice
[2017.11.18-18.06.05:281][  0]LogD3D11RHI:     GPU DeviceId: 0x11c6 (for the marketing name, search the web for "GPU Device Id")
[2017.11.18-18.06.05:281][  0]LogWindows: EnumDisplayDevices:
[2017.11.18-18.06.05:281][  0]LogWindows:    0. 'NVIDIA GeForce GTX 650 Ti' (P:1 D:1)
[2017.11.18-18.06.05:281][  0]LogWindows:    1. 'NVIDIA GeForce GTX 650 Ti' (P:0 D:0)
[2017.11.18-18.06.05:281][  0]LogWindows:    2. 'NVIDIA GeForce GTX 650 Ti' (P:0 D:0)
[2017.11.18-18.06.05:282][  0]LogWindows:    3. 'NVIDIA GeForce GTX 650 Ti' (P:0 D:0)
[2017.11.18-18.06.05:282][  0]LogWindows: DebugString: FoundDriverCount:4 
[2017.11.18-18.06.05:282][  0]LogD3D11RHI:     Adapter Name: NVIDIA GeForce GTX 650 Ti
[2017.11.18-18.06.05:282][  0]LogD3D11RHI:   Driver Version: 388.31 (internal:23.21.13.8831, unified:388.31)
[2017.11.18-18.06.05:282][  0]LogD3D11RHI:      Driver Date: 11-14-2017
[2017.11.18-18.06.05:282][  0]LogRHI: Texture pool is 696 MB (70% of 995 MB)
[2017.11.18-18.06.05:310][  0]LogD3D11RHI: Async texture creation enabled
[2017.11.18-18.06.05:377][  0]LogD3D11RHI: GPU Timing Frequency: 1000.000000 (Debug: 2 2)
[2017.11.18-18.06.05:379][  0]LogShaderCompilers: Guid format shader working directory is -8 characters bigger than the processId version (C:/Users/milos/Documents/Unreal Projects/DejoMisoKonji/Intermediate/Shaders/WorkingDirectory/2124/).
[2017.11.18-18.06.05:379][  0]LogShaderCompilers: Cleaned the shader compiler working directory 'C:/Users/milos/AppData/Local/Temp/UnrealShaderWorkingDir/37A9D7794D277601DE2B38AA9A30D77E/'.
[2017.11.18-18.06.05:379][  0]LogShaderCompilers: Display: Using Local Shader Compiler.
[2017.11.18-18.06.06:643][  0]LogTemp: Display: Loaded TP AllDesktopTargetPlatform
[2017.11.18-18.06.06:706][  0]LogTemp: Display: Loaded TP MacClientTargetPlatform
[2017.11.18-18.06.06:766][  0]LogTemp: Display: Loaded TP MacNoEditorTargetPlatform
[2017.11.18-18.06.06:824][  0]LogTemp: Display: Loaded TP MacServerTargetPlatform
[2017.11.18-18.06.06:884][  0]LogTemp: Display: Loaded TP MacTargetPlatform
[2017.11.18-18.06.06:946][  0]LogTemp: Display: Loaded TP WindowsClientTargetPlatform
[2017.11.18-18.06.07:003][  0]LogTemp: Display: Loaded TP WindowsNoEditorTargetPlatform
[2017.11.18-18.06.07:065][  0]LogTemp: Display: Loaded TP WindowsServerTargetPlatform
[2017.11.18-18.06.07:115][  0]LogTemp: Display: Loaded TP WindowsTargetPlatform
[2017.11.18-18.06.07:172][  0]LogTemp: Display: Loaded TP Android_ASTCTargetPlatform
[2017.11.18-18.06.07:229][  0]LogTemp: Display: Loaded TP Android_ATCTargetPlatform
[2017.11.18-18.06.07:285][  0]LogTemp: Display: Loaded TP Android_DXTTargetPlatform
[2017.11.18-18.06.07:343][  0]LogTemp: Display: Loaded TP Android_ETC1TargetPlatform
[2017.11.18-18.06.07:402][  0]LogTemp: Display: Loaded TP Android_ETC2TargetPlatform
[2017.11.18-18.06.07:516][  0]LogTemp: Display: Loaded TP Android_MultiTargetPlatform
[2017.11.18-18.06.07:516][  0]LogTemp: Display: Loaded TP Android_PVRTCTargetPlatform
[2017.11.18-18.06.07:577][  0]LogTemp: Display: Loaded TP AndroidTargetPlatform
[2017.11.18-18.06.07:620][  0]LogTemp: Display: Loaded TP HTML5TargetPlatform
[2017.11.18-18.06.07:724][  0]LogTemp: Display: Loaded TP IOSTargetPlatform
[2017.11.18-18.06.07:756][  0]LogTemp: Display: Loaded TP TVOSTargetPlatform
[2017.11.18-18.06.07:815][  0]LogTemp: Display: Loaded TP LinuxClientTargetPlatform
[2017.11.18-18.06.07:873][  0]LogTemp: Display: Loaded TP LinuxNoEditorTargetPlatform
[2017.11.18-18.06.07:930][  0]LogTemp: Display: Loaded TP LinuxServerTargetPlatform
[2017.11.18-18.06.07:988][  0]LogTemp: Display: Loaded TP LinuxTargetPlatform
[2017.11.18-18.06.07:988][  0]LogTargetPlatformManager: Display: Building Assets For Windows
[2017.11.18-18.06.08:504][  0]LogDerivedDataCache: Display: Max Cache Size: 512 MB
[2017.11.18-18.06.08:593][  0]LogDerivedDataCache: Loaded boot cache 0.09s 78MB C:/Users/milos/AppData/Local/UnrealEngine/4.18/DerivedDataCache/Boot.ddc.
[2017.11.18-18.06.08:593][  0]LogDerivedDataCache: Display: Loaded Boot cache: C:/Users/milos/AppData/Local/UnrealEngine/4.18/DerivedDataCache/Boot.ddc
[2017.11.18-18.06.08:594][  0]LogDerivedDataCache: FDerivedDataBackendGraph:  Pak pak cache file C:/Users/milos/Documents/Unreal Projects/DejoMisoKonji/DerivedDataCache/DDC.ddp not found, will not use a pak cache.
[2017.11.18-18.06.08:594][  0]LogDerivedDataCache: Unable to find inner node Pak for hierarchical cache Hierarchy.
[2017.11.18-18.06.08:594][  0]LogDerivedDataCache: FDerivedDataBackendGraph:  CompressedPak pak cache file C:/Users/milos/Documents/Unreal Projects/DejoMisoKonji/DerivedDataCache/Compressed.ddp not found, will not use a pak cache.
[2017.11.18-18.06.08:594][  0]LogDerivedDataCache: Unable to find inner node CompressedPak for hierarchical cache Hierarchy.
[2017.11.18-18.06.08:613][  0]LogDerivedDataCache: Display: Pak cache opened for reading ../../../Engine/DerivedDataCache/Compressed.ddp.
[2017.11.18-18.06.08:626][  0]LogDerivedDataCache: Using Local data cache path C:/Users/milos/AppData/Local/UnrealEngine/Common/DerivedDataCache: Writable
[2017.11.18-18.06.08:639][  0]LogMaterial: Verifying Global Shaders for PCD3D_SM5
[2017.11.18-18.06.08:639][  0]LogSlate: Using Freetype 2.6.0
[2017.11.18-18.06.08:642][  0]LogSlate: SlateFontCache - WITH_FREETYPE: 1, WITH_HARFBUZZ: 1
[2017.11.18-18.06.08:642][  0]LogSlate: SlateFontCache - WITH_FREETYPE: 1, WITH_HARFBUZZ: 1
[2017.11.18-18.06.09:213][  0]LogInit: Selected Device Profile: [Windows]
[2017.11.18-18.06.09:600][  0]LogSimplygon: Simplygon DLL not present - disabling.
[2017.11.18-18.06.09:644][  0]LogMeshReduction: Using SimplygonSwarm for distributed automatic mesh merging
[2017.11.18-18.06.09:644][  0]LogMeshReduction: Using QuadricMeshReduction for automatic static mesh reduction
[2017.11.18-18.06.09:644][  0]LogMeshReduction: No automatic skeletal mesh reduction module available
[2017.11.18-18.06.09:644][  0]LogMeshReduction: No automatic mesh merging module available
[2017.11.18-18.06.09:644][  0]LogMeshMerging: No automatic mesh merging module available
[2017.11.18-18.06.09:676][  0]LogNetVersion: DejoMisoKonji , NetCL: 3709383, EngineNetVer: 2, GameNetVer: 0 (Checksum: 661078539)
[2017.11.18-18.06.09:879][  0]LogAssetRegistry: FAssetRegistry took 0.0270 seconds to start up
[2017.11.18-18.06.10:535][  0]LogPackageLocalizationCache: Processed 7 localized package path(s) for 2 prioritized culture(s) in 0.068587 seconds
[2017.11.18-18.06.10:541][  0]LogUObjectArray: 35900 objects as part of root set at end of initial load.
[2017.11.18-18.06.10:541][  0]LogUObjectAllocator: 7372016 out of 0 bytes used by permanent object pool.
[2017.11.18-18.06.10:541][  0]LogUObjectArray: CloseDisregardForGC: 0/0 objects in disregard for GC pool
[2017.11.18-18.06.10:599][  0]LogInit: WinSock: version 1.1 (2.2), MaxSocks=32767, MaxUdp=65467
[2017.11.18-18.06.14:362][  0]LogTcpMessaging: Initializing TcpMessaging bridge
[2017.11.18-18.06.14:410][  0]LogUdpMessaging: Initializing bridge on interface 0.0.0.0:0 to multicast group 230.0.0.1:6666.
[2017.11.18-18.06.15:197][  0]LogMaterial: Uniform references updated for custom material expression Custom.
[2017.11.18-18.06.15:701][  0]SourceControl: Source control is disabled
[2017.11.18-18.06.15:701][  0]SourceControl: Source control is disabled
[2017.11.18-18.06.15:763][  0]SourceControl: Source control is disabled
[2017.11.18-18.06.15:823][  0]SourceControl: Source control is disabled
[2017.11.18-18.06.16:759][  0]LogAndroidPermission: UAndroidPermissionCallbackProxy::GetInstance
[2017.11.18-18.06.17:066][  0]LogOcInput: OculusInput pre-init called
[2017.11.18-18.06.17:394][  0]LogEngine: Initializing Engine...
[2017.11.18-18.06.17:397][  0]LogHMD: Failed to initialize OpenVR with code 110
[2017.11.18-18.06.17:678][  0]LogStats: UGameplayTagsManager::ConstructGameplayTagTree: Construct from data asset -  0.000 s
[2017.11.18-18.06.17:679][  0]LogStats: UGameplayTagsManager::ConstructGameplayTagTree: GameplayTagTreeChangedEvent.Broadcast -  0.000 s
[2017.11.18-18.06.17:824][  0]LogAIModule: Creating AISystem for world Untitled
[2017.11.18-18.06.17:834][  0]LogInit: XAudio2 using 'Speakers (Realtek High Definition Audio)' : 2 channels at 48 kHz using 32 bits per sample (channel mask 0x3)
[2017.11.18-18.06.17:852][  0]LogInit: FAudioDevice initialized.
[2017.11.18-18.06.18:182][  0]LogDerivedDataCache: Saved boot cache 0.33s 78MB C:/Users/milos/AppData/Local/UnrealEngine/4.18/DerivedDataCache/Boot.ddc.
[2017.11.18-18.06.18:200][  0]LogInit: Texture streaming: Enabled
[2017.11.18-18.06.18:322][  0]LogEngineSessionManager: EngineSessionManager initialized
[2017.11.18-18.06.18:464][  0]LogInit: Transaction tracking system initialized
[2017.11.18-18.06.18:814][  0]BlueprintLog: New page: Editor Load
[2017.11.18-18.06.19:804][  0]LocalizationService: Localization service is disabled
[2017.11.18-18.06.20:623][  0]LogConsoleResponse: Display: 
[2017.11.18-18.06.20:874][  0]LogCook: Display: Max memory allowance for cook 16384mb min free memory 0mb
[2017.11.18-18.06.20:874][  0]LogCook: Display: Mobile HDR setting 1
[2017.11.18-18.06.20:874][  0]LogGameplayTags: Display: UGameplayTagsManager::DoneAddingNativeTags. DelegateIsBound: 0
[2017.11.18-18.06.22:197][  0]LogFileCache: Scanning file cache for directory 'C:/Users/milos/Documents/Unreal Projects/DejoMisoKonji/Content/' took 0.03s
[2017.11.18-18.06.22:248][  0]SourceControl: Source control is disabled
[2017.11.18-18.06.22:248][  0]Cmd: MAP LOAD FILE="../../../Engine/Content/Maps/Templates/Template_Default.umap" TEMPLATE=1 SHOWPROGRESS=1 FEATURELEVEL=3
[2017.11.18-18.06.22:248][  0]LightingResults: New page: Lighting Build
[2017.11.18-18.06.22:294][  0]MapCheck: New page: Map Check
[2017.11.18-18.06.22:294][  0]LightingResults: New page: Lighting Build
[2017.11.18-18.06.22:595][  0]LogAIModule: Creating AISystem for world Untitled_1
[2017.11.18-18.06.22:604][  0]LogEditorServer: Finished looking for orphan Actors (0.000 secs)
[2017.11.18-18.06.22:621][  0]Cmd: MAP CHECKDEP NOCLEARLOG
[2017.11.18-18.06.22:715][  0]MapCheck: Map check complete: 0 Error(s), 0 Warning(s), took 94.337ms to complete.
[2017.11.18-18.06.22:715][  0]LogFileHelpers: Loading map 'Template_Default' took 0.468
[2017.11.18-18.06.22:792][  0]LogWindowsTextInputMethodSystem: Display: IME system now deactivated.
[2017.11.18-18.06.22:829][  0]LogCollectionManager: Loaded 0 collections in 0.001642 seconds
[2017.11.18-18.06.22:914][  0]LogFileCache: Scanning file cache for directory 'C:/Users/milos/Documents/Unreal Projects/DejoMisoKonji/Saved/Collections/' took 0.01s
[2017.11.18-18.06.22:914][  0]LogFileCache: Scanning file cache for directory 'C:/Users/milos/Documents/Unreal Projects/DejoMisoKonji/Content/Developers/milos/Collections/' took 0.01s
[2017.11.18-18.06.22:914][  0]LogFileCache: Scanning file cache for directory 'C:/Users/milos/Documents/Unreal Projects/DejoMisoKonji/Content/Collections/' took 0.01s
[2017.11.18-18.06.22:914][  0]LogCollectionManager: Rebuilt the GUID cache for 0 collections in 0.000001 seconds
[2017.11.18-18.06.22:925][  0]LogContentBrowser: Native class hierarchy populated in 0.0108 seconds. Added 2363 classes and 519 folders.
[2017.11.18-18.06.22:995][  0]LogContentBrowser: Native class hierarchy updated for 'WidgetCarousel' in 0.0003 seconds. Added 0 classes and 0 folders.
[2017.11.18-18.06.23:081][  0]LogContentBrowser: Native class hierarchy updated for 'AddContentDialog' in 0.0003 seconds. Added 0 classes and 0 folders.
[2017.11.18-18.06.23:190][  0]LogContentBrowser: Native class hierarchy updated for 'SceneOutliner' in 0.0003 seconds. Added 1 classes and 2 folders.
[2017.11.18-18.06.23:266][  0]LogSlate: Took 0.000965 seconds to synchronously load lazily loaded font '../../../Engine/Content/Slate/Fonts/Roboto-Regular.ttf' (155K)
[2017.11.18-18.06.23:270][  0]LogSlate: Took 0.000376 seconds to synchronously load lazily loaded font '../../../Engine/Content/Slate/Fonts/Roboto-Bold.ttf' (160K)
[2017.11.18-18.06.23:272][  0]LogSlate: Took 0.000380 seconds to synchronously load lazily loaded font '../../../Engine/Content/Editor/Slate/Fonts/FontAwesome.ttf' (139K)
[2017.11.18-18.06.23:428][  0]LogRenderer: Reallocating scene render targets to support 1360x964 Format 10 NumSamples 1 (Frame:1).
[2017.11.18-18.06.23:695][  0]LogContentBrowser: Native class hierarchy updated for 'HierarchicalLODOutliner' in 0.0005 seconds. Added 1 classes and 2 folders.
[2017.11.18-18.06.23:696][  0]LogLoad: (Engine Initialization) Total time: 22.39 seconds
[2017.11.18-18.06.23:696][  0]LogLoad: (Engine Initialization) Total Blueprint compile time: 0.00 seconds
[2017.11.18-18.06.23:696][  0]LogExternalProfiler: No external profilers were discovered.  External profiling features will not be available.
[2017.11.18-18.06.23:724][  0]LogContentStreaming: Texture pool size now 1000 MB
[2017.11.18-18.06.23:764][  1]LogAssetRegistry: Asset discovery search completed in 13.9062 seconds
[2017.11.18-18.06.23:767][  1]LogCollectionManager: Rebuilt the object cache for 0 collections in 0.000000 seconds (found 0 objects)
[2017.11.18-18.06.23:767][  1]LogCollectionManager: Fixed up redirectors for 0 collections in 0.000071 seconds (updated 0 objects)
[2017.11.18-18.06.27:744][244]LogSlate: Took 0.000249 seconds to synchronously load lazily loaded font '../../../Engine/Content/Slate/Fonts/Roboto-Light.ttf' (159K)
[2017.11.18-18.06.48:094][856]LogEditorViewport: Clicking on Actor (LMB): BP_Sky_Sphere_C (Sky Sphere)
[2017.11.18-18.06.49:982][973]LogRenderer: Reallocating scene render targets to support 1728x1040 Format 10 NumSamples 1 (Frame:1088).
[2017.11.18-18.06.50:428][974]LogRenderer: Reallocating scene render targets to support 1920x1080 Format 10 NumSamples 1 (Frame:1091).
[2017.11.18-18.07.02:187][200]LogUProjectInfo: Found projects:
[2017.11.18-18.07.03:457][314]Cmd: CLOSE_SLATE_MAINFRAME
[2017.11.18-18.07.04:268][315]Cmd: QUIT_EDITOR
[2017.11.18-18.07.04:770][315]LogWindowsTextInputMethodSystem: Display: IME system now deactivated.
[2017.11.18-18.07.04:863][315]LogExit: Preparing to exit.
[2017.11.18-18.07.06:256][315]LogExit: Editor shut down
[2017.11.18-18.07.06:259][315]LogExit: Transaction tracking system shut down
[2017.11.18-18.07.06:767][315]LogDirectoryWatcher: A directory notification for '../../../Engine/Content/' was aborted.
[2017.11.18-18.07.06:767][315]LogDirectoryWatcher: A directory notification for 'C:/Users/milos/Documents/Unreal Projects/DejoMisoKonji/Content/' was aborted.
[2017.11.18-18.07.06:767][315]LogDirectoryWatcher: A directory notification for '../../../Engine/Plugins/2D/Paper2D/Content/' was aborted.
[2017.11.18-18.07.06:767][315]LogDirectoryWatcher: A directory notification for '../../../Engine/Plugins/Media/MediaCompositing/Content/' was aborted.
[2017.11.18-18.07.06:767][315]LogDirectoryWatcher: A directory notification for '../../../Engine/Plugins/Runtime/AppleARKit/Content/' was aborted.
[2017.11.18-18.07.06:767][315]LogDirectoryWatcher: A directory notification for '../../../Engine/Plugins/Runtime/Oculus/OculusVR/Content/' was aborted.
[2017.11.18-18.07.06:767][315]LogDirectoryWatcher: A directory notification for '../../../Engine/Plugins/Runtime/Steam/SteamVR/Content/' was aborted.
[2017.11.18-18.07.08:131][315]LogExit: Object subsystem successfully closed.
[2017.11.18-18.07.08:327][315]LogD3D11RHI: Shutdown
[2017.11.18-18.07.08:342][315]LogD3D11RHI: CleanupD3DDevice
[2017.11.18-18.07.08:395][315]LogD3D11RHI: ~FD3D11DynamicRHI
[2017.11.18-18.07.09:404][315]LogModuleManager: Shutting down and abandoning module HierarchicalLODOutliner (550)
[2017.11.18-18.07.09:404][315]LogModuleManager: Shutting down and abandoning module SceneOutliner (548)
[2017.11.18-18.07.09:410][315]LogModuleManager: Shutting down and abandoning module AddContentDialog (546)
[2017.11.18-18.07.09:426][315]LogDirectoryWatcher: A directory notification for 'd:/Program Files/Epic Games/UE_4.18/FeaturePacks/' was aborted.
[2017.11.18-18.07.09:438][315]LogModuleManager: Shutting down and abandoning module WidgetCarousel (545)
[2017.11.18-18.07.09:438][315]LogModuleManager: Shutting down and abandoning module EditorWidgets (542)
[2017.11.18-18.07.09:438][315]LogModuleManager: Shutting down and abandoning module CollectionManager (540)
[2017.11.18-18.07.09:451][315]LogDirectoryWatcher: A directory notification for 'C:/Users/milos/Documents/Unreal Projects/DejoMisoKonji/Content/Collections/' was aborted.
[2017.11.18-18.07.09:451][315]LogDirectoryWatcher: A directory notification for 'C:/Users/milos/Documents/Unreal Projects/DejoMisoKonji/Content/Developers/milos/Collections/' was aborted.
[2017.11.18-18.07.09:452][315]LogDirectoryWatcher: A directory notification for 'C:/Users/milos/Documents/Unreal Projects/DejoMisoKonji/Saved/Collections/' was aborted.
[2017.11.18-18.07.09:452][315]LogModuleManager: Shutting down and abandoning module HierarchicalLODUtilities (538)
[2017.11.18-18.07.09:452][315]LogModuleManager: Shutting down and abandoning module StatsViewer (536)
[2017.11.18-18.07.09:471][315]LogModuleManager: Shutting down and abandoning module FoliageEdit (534)
[2017.11.18-18.07.09:471][315]LogModuleManager: Shutting down and abandoning module LandscapeEditor (532)
[2017.11.18-18.07.09:486][315]LogModuleManager: Shutting down and abandoning module MeshPaintMode (530)
[2017.11.18-18.07.09:486][315]LogModuleManager: Shutting down and abandoning module SceneDepthPickerMode (528)
[2017.11.18-18.07.09:486][315]LogModuleManager: Shutting down and abandoning module ActorPickerMode (526)
[2017.11.18-18.07.09:486][315]LogModuleManager: Shutting down and abandoning module GeometryMode (524)
[2017.11.18-18.07.09:486][315]LogModuleManager: Shutting down and abandoning module TextureAlignMode (522)
[2017.11.18-18.07.09:486][315]LogModuleManager: Shutting down and abandoning module BspMode (520)
[2017.11.18-18.07.09:486][315]LogModuleManager: Shutting down and abandoning module PIEPreviewDeviceProfileSelector (518)
[2017.11.18-18.07.09:486][315]LogModuleManager: Shutting down and abandoning module HardwareSurvey (516)
[2017.11.18-18.07.09:486][315]LogModuleManager: Shutting down and abandoning module SequenceRecorderSections (514)
[2017.11.18-18.07.09:486][315]LogModuleManager: Shutting down and abandoning module AutomationWorker (512)
[2017.11.18-18.07.09:497][315]LogModuleManager: Shutting down and abandoning module MatineeToLevelSequence (510)
[2017.11.18-18.07.09:504][315]LogModuleManager: Shutting down and abandoning module LevelSequenceEditor (508)
[2017.11.18-18.07.09:531][315]LogModuleManager: Shutting down and abandoning module PlacementMode (507)
[2017.11.18-18.07.09:531][315]LogModuleManager: Shutting down and abandoning module WmfMediaFactory (504)
[2017.11.18-18.07.09:531][315]LogModuleManager: Shutting down and abandoning module WmfMediaEditor (502)
[2017.11.18-18.07.09:531][315]LogModuleManager: Shutting down and abandoning module OpenExrWrapper (500)
[2017.11.18-18.07.09:531][315]LogModuleManager: Shutting down and abandoning module ImgMediaFactory (498)
[2017.11.18-18.07.09:531][315]LogModuleManager: Shutting down and abandoning module ImgMediaEditor (496)
[2017.11.18-18.07.09:531][315]LogModuleManager: Shutting down and abandoning module AvfMediaFactory (494)
[2017.11.18-18.07.09:531][315]LogModuleManager: Shutting down and abandoning module AvfMediaEditor (492)
[2017.11.18-18.07.09:531][315]LogModuleManager: Shutting down and abandoning module AndroidMediaFactory (490)
[2017.11.18-18.07.09:531][315]LogModuleManager: Shutting down and abandoning module AndroidMediaEditor (488)
[2017.11.18-18.07.09:531][315]LogModuleManager: Shutting down and abandoning module CharacterAI (486)
[2017.11.18-18.07.09:531][315]LogModuleManager: Shutting down and abandoning module AudioCapture (484)
[2017.11.18-18.07.09:540][315]LogModuleManager: Shutting down and abandoning module SequenceRecorder (483)
[2017.11.18-18.07.09:556][315]LogModuleManager: Shutting down and abandoning module SmartSnapping (480)
[2017.11.18-18.07.09:556][315]LogModuleManager: Shutting down and abandoning module SessionServices (478)
[2017.11.18-18.07.09:556][315]LogModuleManager: Shutting down and abandoning module ViewportSnapping (476)
[2017.11.18-18.07.09:556][315]LogModuleManager: Shutting down and abandoning module ViewportInteraction (474)
[2017.11.18-18.07.09:556][315]LogModuleManager: Shutting down and abandoning module ClothPainter (472)
[2017.11.18-18.07.09:585][315]LogModuleManager: Shutting down and abandoning module SkeletalMeshEditor (471)
[2017.11.18-18.07.09:586][315]LogModuleManager: Shutting down and abandoning module LogVisualizer (468)
[2017.11.18-18.07.09:594][315]LogModuleManager: Shutting down and abandoning module IntroTutorials (466)
[2017.11.18-18.07.09:648][315]LogModuleManager: Shutting down and abandoning module GameProjectGeneration (465)
[2017.11.18-18.07.09:659][315]LogModuleManager: Shutting down and abandoning module IOSPlatformEditor (462)
[2017.11.18-18.07.09:668][315]LogModuleManager: Shutting down and abandoning module HTML5PlatformEditor (460)
[2017.11.18-18.07.09:668][315]LogModuleManager: Shutting down and abandoning module AndroidPlatformEditor (458)
[2017.11.18-18.07.09:668][315]LogModuleManager: Shutting down and abandoning module AndroidDeviceDetection (457)
[2017.11.18-18.07.10:248][315]LogModuleManager: Shutting down and abandoning module WindowsPlatformEditor (454)
[2017.11.18-18.07.10:248][315]LogModuleManager: Shutting down and abandoning module IOSRuntimeSettings (452)
[2017.11.18-18.07.10:248][315]LogModuleManager: Shutting down and abandoning module AndroidRuntimeSettings (450)
[2017.11.18-18.07.10:248][315]LogModuleManager: Shutting down and abandoning module InputBindingEditor (448)
[2017.11.18-18.07.10:275][315]LogModuleManager: Shutting down and abandoning module MergeActors (446)
[2017.11.18-18.07.10:292][315]LogModuleManager: Shutting down and abandoning module SizeMap (444)
[2017.11.18-18.07.10:292][315]LogModuleManager: Shutting down and abandoning module TreeMap (442)
[2017.11.18-18.07.10:331][315]LogModuleManager: Shutting down and abandoning module ReferenceViewer (440)
[2017.11.18-18.07.10:331][315]LogModuleManager: Shutting down and abandoning module LocalizationDashboard (438)
[2017.11.18-18.07.10:346][315]LogModuleManager: Shutting down and abandoning module LocalizationService (437)
[2017.11.18-18.07.10:358][315]LogModuleManager: Shutting down and abandoning module HardwareTargeting (434)
[2017.11.18-18.07.10:359][315]LogModuleManager: Shutting down and abandoning module DeviceProfileEditor (432)
[2017.11.18-18.07.10:359][315]LogModuleManager: Shutting down and abandoning module UndoHistory (430)
[2017.11.18-18.07.10:359][315]LogModuleManager: Shutting down and abandoning module XmlParser (428)
[2017.11.18-18.07.10:359][315]LogModuleManager: Shutting down and abandoning module Blutility (426)
[2017.11.18-18.07.10:359][315]LogModuleManager: Shutting down and abandoning module ProjectSettingsViewer (424)
[2017.11.18-18.07.10:359][315]LogModuleManager: Shutting down and abandoning module ProjectTargetPlatformEditor (423)
[2017.11.18-18.07.10:359][315]LogModuleManager: Shutting down and abandoning module EditorSettingsViewer (420)
[2017.11.18-18.07.10:359][315]LogModuleManager: Shutting down and abandoning module SettingsEditor (418)
[2017.11.18-18.07.10:367][315]LogModuleManager: Shutting down and abandoning module ProjectLauncher (416)
[2017.11.18-18.07.10:385][315]LogModuleManager: Shutting down and abandoning module SessionFrontend (414)
[2017.11.18-18.07.10:403][315]LogModuleManager: Shutting down and abandoning module ProfilerClient (412)
[2017.11.18-18.07.10:406][315]LogModuleManager: Shutting down and abandoning module DeviceManager (410)
[2017.11.18-18.07.10:418][315]LogModuleManager: Shutting down and abandoning module TargetDeviceServices (409)
[2017.11.18-18.07.10:471][315]LogModuleManager: Shutting down and abandoning module AutomationController (406)
[2017.11.18-18.07.10:507][315]LogModuleManager: Shutting down and abandoning module AutomationWindow (404)
[2017.11.18-18.07.10:535][315]LogModuleManager: Shutting down and abandoning module Layers (402)
[2017.11.18-18.07.10:568][315]LogModuleManager: Shutting down and abandoning module ComponentVisualizers (400)
[2017.11.18-18.07.10:568][315]LogModuleManager: Shutting down and abandoning module DetailCustomizations (398)
[2017.11.18-18.07.10:579][315]LogModuleManager: Shutting down and abandoning module PackagesDialog (396)
[2017.11.18-18.07.10:605][315]LogModuleManager: Shutting down and abandoning module Persona (394)
[2017.11.18-18.07.10:652][315]LogModuleManager: Shutting down and abandoning module AdvancedPreviewScene (393)
[2017.11.18-18.07.10:652][315]LogModuleManager: Shutting down and abandoning module AnimGraph (391)
[2017.11.18-18.07.10:652][315]LogModuleManager: Shutting down and abandoning module Kismet (388)
[2017.11.18-18.07.10:683][315]LogModuleManager: Shutting down and abandoning module ClassViewer (386)
[2017.11.18-18.07.10:683][315]LogModuleManager: Shutting down and abandoning module Toolbox (384)
[2017.11.18-18.07.10:683][315]LogModuleManager: Shutting down and abandoning module ModuleUI (382)
[2017.11.18-18.07.10:698][315]LogModuleManager: Shutting down and abandoning module MovieSceneTools (380)
[2017.11.18-18.07.10:740][315]LogModuleManager: Shutting down and abandoning module OutputLog (378)
[2017.11.18-18.07.10:762][315]LogModuleManager: Shutting down and abandoning module GammaUI (376)
[2017.11.18-18.07.10:775][315]LogModuleManager: Shutting down and abandoning module Documentation (374)
[2017.11.18-18.07.10:775][315]LogModuleManager: Shutting down and abandoning module MovieSceneTracks (372)
[2017.11.18-18.07.10:775][315]LogModuleManager: Shutting down and abandoning module MovieScene (370)
[2017.11.18-18.07.10:775][315]LogModuleManager: Shutting down and abandoning module StreamingPauseRendering (368)
[2017.11.18-18.07.10:775][315]LogModuleManager: Shutting down and abandoning module LauncherPlatform (366)
[2017.11.18-18.07.10:775][315]LogModuleManager: Shutting down and abandoning module AnalyticsET (364)
[2017.11.18-18.07.10:775][315]LogModuleManager: Shutting down and abandoning module PortalServices (362)
[2017.11.18-18.07.10:775][315]LogModuleManager: Shutting down and abandoning module PortalRpc (360)
[2017.11.18-18.07.10:775][315]LogModuleManager: Shutting down and abandoning module MessagingRpc (358)
[2017.11.18-18.07.10:775][315]LogModuleManager: Shutting down and abandoning module AIModule (356)
[2017.11.18-18.07.10:775][315]LogModuleManager: Shutting down and abandoning module GameplayDebugger (355)
[2017.11.18-18.07.10:776][315]LogModuleManager: Shutting down and abandoning module AITestSuite (353)
[2017.11.18-18.07.10:789][315]LogModuleManager: Shutting down and abandoning module DesktopPlatform (350)
[2017.11.18-18.07.10:789][315]LogModuleManager: Shutting down and abandoning module ProfilerService (348)
[2017.11.18-18.07.10:878][315]LogModuleManager: Shutting down and abandoning module TaskGraph (346)
[2017.11.18-18.07.10:909][315]LogModuleManager: Shutting down and abandoning module SteamVRController (344)
[2017.11.18-18.07.10:910][315]LogModuleManager: Shutting down and abandoning module ProceduralMeshComponentEditor (342)
[2017.11.18-18.07.10:910][315]LogModuleManager: Shutting down and abandoning module ProceduralMeshComponent (340)
[2017.11.18-18.07.10:910][315]LogModuleManager: Shutting down and abandoning module OculusInput (338)
[2017.11.18-18.07.10:910][315]LogModuleManager: Shutting down and abandoning module MobilePatchingUtils (336)
[2017.11.18-18.07.10:910][315]LogModuleManager: Shutting down and abandoning module CustomMeshComponent (334)
[2017.11.18-18.07.10:910][315]LogModuleManager: Shutting down and abandoning module CableComponent (332)
[2017.11.18-18.07.10:910][315]LogModuleManager: Shutting down and abandoning module ArchVisCharacter (330)
[2017.11.18-18.07.10:910][315]LogModuleManager: Shutting down and abandoning module AndroidPermission (328)
[2017.11.18-18.07.10:910][315]LogModuleManager: Shutting down and abandoning module ActorSequence (324)
[2017.11.18-18.07.10:910][315]LogModuleManager: Shutting down and abandoning module MediaPlayerEditor (322)
[2017.11.18-18.07.10:929][315]LogModuleManager: Shutting down and abandoning module MediaCompositingEditor (320)
[2017.11.18-18.07.10:929][315]LogModuleManager: Shutting down and abandoning module MediaCompositing (318)
[2017.11.18-18.07.10:929][315]LogModuleManager: Shutting down and abandoning module HTML5Networking (316)
[2017.11.18-18.07.10:929][315]LogModuleManager: Shutting down and abandoning module AlembicImporter (314)
[2017.11.18-18.07.10:947][315]LogModuleManager: Shutting down and abandoning module AlembicLibrary (313)
[2017.11.18-18.07.10:947][315]LogModuleManager: Shutting down and abandoning module GeometryCache (312)
[2017.11.18-18.07.10:957][315]LogModuleManager: Shutting down and abandoning module GeometryCacheEd (311)
[2017.11.18-18.07.10:957][315]LogModuleManager: Shutting down and abandoning module SpeedTreeImporter (306)
[2017.11.18-18.07.10:957][315]LogModuleManager: Shutting down and abandoning module PluginBrowser (304)
[2017.11.18-18.07.10:991][315]LogModuleManager: Shutting down and abandoning module MobileLauncherProfileWizard (302)
[2017.11.18-18.07.11:003][315]LogModuleManager: Shutting down and abandoning module VisualStudioSourceCodeAccess (300)
[2017.11.18-18.07.11:004][315]LogModuleManager: Shutting down and abandoning module VisualStudioCodeSourceCodeAccess (298)
[2017.11.18-18.07.11:004][315]LogModuleManager: Shutting down and abandoning module UObjectPlugin (296)
[2017.11.18-18.07.11:004][315]LogModuleManager: Shutting down and abandoning module SubversionSourceControl (294)
[2017.11.18-18.07.11:013][315]LogModuleManager: Shutting down and abandoning module PerforceSourceControl (292)
[2017.11.18-18.07.11:033][315]LogModuleManager: Shutting down and abandoning module GitSourceControl (290)
[2017.11.18-18.07.11:037][315]LogModuleManager: Shutting down and abandoning module SourceControl (289)
[2017.11.18-18.07.11:068][315]LogModuleManager: Shutting down and abandoning module LightPropagationVolumeEditor (286)
[2017.11.18-18.07.11:068][315]LogModuleManager: Shutting down and abandoning module PaperTiledImporter (284)
[2017.11.18-18.07.11:068][315]LogModuleManager: Shutting down and abandoning module PaperSpriteSheetImporter (282)
[2017.11.18-18.07.11:068][315]LogModuleManager: Shutting down and abandoning module Paper2DEditor (280)
[2017.11.18-18.07.11:092][315]LogModuleManager: Shutting down and abandoning module MeshPaint (279)
[2017.11.18-18.07.11:105][315]LogModuleManager: Shutting down and abandoning module LevelEditor (277)
[2017.11.18-18.07.11:120][315]LogModuleManager: Shutting down and abandoning module PixelInspectorModule (276)
[2017.11.18-18.07.11:125][315]LogModuleManager: Shutting down and abandoning module MainFrame (274)
[2017.11.18-18.07.11:125][315]LogModuleManager: Shutting down and abandoning module HotReload (273)
[2017.11.18-18.07.11:138][315]LogModuleManager: Shutting down and abandoning module RuntimePhysXCooking (268)
[2017.11.18-18.07.11:138][315]LogModuleManager: Shutting down and abandoning module PhysXVehiclesEditor (266)
[2017.11.18-18.07.11:139][315]LogModuleManager: Shutting down and abandoning module PhysXVehicles (264)
[2017.11.18-18.07.11:139][315]LogModuleManager: Shutting down and abandoning module OculusEditor (262)
[2017.11.18-18.07.11:139][315]LogModuleManager: Shutting down and abandoning module LocationServicesBPLibrary (260)
[2017.11.18-18.07.11:139][315]LogModuleManager: Shutting down and abandoning module ImmediatePhysicsEditor (258)
[2017.11.18-18.07.11:139][315]LogModuleManager: Shutting down and abandoning module ImmediatePhysics (256)
[2017.11.18-18.07.11:152][315]LogModuleManager: Shutting down and abandoning module UdpMessaging (254)
[2017.11.18-18.07.11:289][315]LogModuleManager: Shutting down and abandoning module TcpMessaging (252)
[2017.11.18-18.07.11:397][315]LogModuleManager: Shutting down and abandoning module GameplayTagsEditor (250)
[2017.11.18-18.07.11:444][315]LogModuleManager: Shutting down and abandoning module FacialAnimationEditor (248)
[2017.11.18-18.07.11:444][315]LogModuleManager: Shutting down and abandoning module FacialAnimation (246)
[2017.11.18-18.07.11:444][315]LogModuleManager: Shutting down and abandoning module AssetManagerEditor (244)
[2017.11.18-18.07.11:471][315]LogModuleManager: Shutting down and abandoning module GraphEditor (243)
[2017.11.18-18.07.11:525][315]LogModuleManager: Shutting down and abandoning module ContentBrowser (241)
[2017.11.18-18.07.11:526][315]LogModuleManager: Shutting down and abandoning module LightPropagationVolumeRuntime (238)
[2017.11.18-18.07.11:526][315]LogModuleManager: Shutting down and abandoning module Paper2D (236)
[2017.11.18-18.07.11:526][315]LogModuleManager: Shutting down and abandoning module WindowsMoviePlayer (234)
[2017.11.18-18.07.11:526][315]LogModuleManager: Shutting down and abandoning module WmfMedia (232)
[2017.11.18-18.07.11:536][315]LogModuleManager: Shutting down and abandoning module ImgMedia (230)
[2017.11.18-18.07.11:536][315]LogModuleManager: Shutting down and abandoning module PacketHandler (228)
[2017.11.18-18.07.11:536][315]LogModuleManager: Shutting down and abandoning module ClothingSystemEditor (226)
[2017.11.18-18.07.11:536][315]LogModuleManager: Shutting down and abandoning module ClothingSystemRuntime (224)
[2017.11.18-18.07.11:556][315]LogModuleManager: Shutting down and abandoning module MediaAssets (222)
[2017.11.18-18.07.11:556][315]LogModuleManager: Shutting down and abandoning module Media (221)
[2017.11.18-18.07.11:562][315]LogModuleManager: Shutting down and abandoning module Overlay (218)
[2017.11.18-18.07.11:562][315]LogModuleManager: Shutting down and abandoning module OverlayEditor (217)
[2017.11.18-18.07.11:562][315]LogModuleManager: Shutting down and abandoning module VREditor (214)
[2017.11.18-18.07.11:603][315]LogModuleManager: Shutting down and abandoning module StringTableEditor (212)
[2017.11.18-18.07.11:608][315]LogModuleManager: Shutting down and abandoning module GameplayTasksEditor (210)
[2017.11.18-18.07.11:608][315]LogModuleManager: Shutting down and abandoning module BehaviorTreeEditor (208)
[2017.11.18-18.07.11:650][315]LogModuleManager: Shutting down and abandoning module FunctionalTesting (206)
[2017.11.18-18.07.11:661][315]LogModuleManager: Shutting down and abandoning module CollisionAnalyzer (204)
[2017.11.18-18.07.11:667][315]LogModuleManager: Shutting down and abandoning module WorkspaceMenuStructure (203)
[2017.11.18-18.07.11:667][315]LogModuleManager: Shutting down and abandoning module UMG (200)
[2017.11.18-18.07.11:680][315]LogModuleManager: Shutting down and abandoning module UMGEditor (199)
[2017.11.18-18.07.11:717][315]LogModuleManager: Shutting down and abandoning module Sequencer (198)
[2017.11.18-18.07.11:727][315]LogModuleManager: Shutting down and abandoning module MessageLog (195)
[2017.11.18-18.07.11:727][315]LogModuleManager: Shutting down and abandoning module SlateReflector (190)
[2017.11.18-18.07.11:762][315]LogModuleManager: Shutting down and abandoning module Slate (188)
[2017.11.18-18.07.11:762][315]LogModuleManager: Shutting down and abandoning module EditorStyle (186)
[2017.11.18-18.07.11:764][315]LogModuleManager: Shutting down and abandoning module MRMesh (184)
[2017.11.18-18.07.11:764][315]LogModuleManager: Shutting down and abandoning module SourceCodeAccess (182)
[2017.11.18-18.07.11:764][315]LogModuleManager: Shutting down and abandoning module HeadMountedDisplay (180)
[2017.11.18-18.07.11:764][315]LogModuleManager: Shutting down and abandoning module XAudio2 (178)
[2017.11.18-18.07.11:764][315]LogModuleManager: Shutting down and abandoning module Networking (176)
[2017.11.18-18.07.11:764][315]LogModuleManager: Shutting down and abandoning module Core (172)
[2017.11.18-18.07.11:765][315]LogModuleManager: Shutting down and abandoning module LevelSequence (168)
[2017.11.18-18.07.11:775][315]LogModuleManager: Shutting down and abandoning module DirectoryWatcher (166)
[2017.11.18-18.07.11:775][315]LogModuleManager: Shutting down and abandoning module KismetCompiler (164)
[2017.11.18-18.07.11:775][315]LogModuleManager: Shutting down and abandoning module MeshUtilities (162)
[2017.11.18-18.07.11:787][315]LogModuleManager: Shutting down and abandoning module MeshMergeUtilities (161)
[2017.11.18-18.07.11:798][315]LogModuleManager: Shutting down and abandoning module MeshReductionInterface (160)
[2017.11.18-18.07.11:798][315]LogModuleManager: Shutting down and abandoning module SimplygonSwarm (159)
[2017.11.18-18.07.11:798][315]LogModuleManager: Shutting down and abandoning module SimplygonMeshReduction (157)
[2017.11.18-18.07.11:798][315]LogModuleManager: Shutting down and abandoning module QuadricMeshReduction (155)
[2017.11.18-18.07.11:798][315]LogModuleManager: Shutting down and abandoning module MaterialBaking (151)
[2017.11.18-18.07.11:809][315]LogModuleManager: Shutting down and abandoning module DerivedDataCache (148)
[2017.11.18-18.07.12:216][315]LogDerivedDataCache: Shutdown
[2017.11.18-18.07.12:216][315]LogModuleManager: Shutting down and abandoning module TargetPlatform (146)
[2017.11.18-18.07.12:216][315]LogModuleManager: Shutting down and abandoning module VulkanShaderFormat (145)
[2017.11.18-18.07.12:238][315]LogModuleManager: Shutting down and abandoning module ShaderFormatVectorVM (143)
[2017.11.18-18.07.12:255][315]LogModuleManager: Shutting down and abandoning module ShaderFormatOpenGL (141)
[2017.11.18-18.07.12:277][315]LogModuleManager: Shutting down and abandoning module ShaderFormatD3D (139)
[2017.11.18-18.07.12:277][315]LogModuleManager: Shutting down and abandoning module MetalShaderFormat (137)
[2017.11.18-18.07.12:292][315]LogModuleManager: Shutting down and abandoning module TextureFormatUncompressed (135)
[2017.11.18-18.07.12:292][315]LogModuleManager: Shutting down and abandoning module TextureFormatPVR (133)
[2017.11.18-18.07.12:292][315]LogModuleManager: Shutting down and abandoning module TextureFormatDXT (131)
[2017.11.18-18.07.12:292][315]LogModuleManager: Shutting down and abandoning module TextureFormatIntelISPCTexComp (129)
[2017.11.18-18.07.12:292][315]LogModuleManager: Shutting down and abandoning module TextureFormatASTC (127)
[2017.11.18-18.07.12:292][315]LogModuleManager: Shutting down and abandoning module ImageWrapper (126)
[2017.11.18-18.07.12:293][315]LogModuleManager: Shutting down and abandoning module TextureFormatAndroid (123)
[2017.11.18-18.07.12:293][315]LogModuleManager: Shutting down and abandoning module AudioFormatOpus (121)
[2017.11.18-18.07.12:293][315]LogModuleManager: Shutting down and abandoning module AudioFormatOgg (119)
[2017.11.18-18.07.12:293][315]LogModuleManager: Shutting down and abandoning module AudioFormatADPCM (117)
[2017.11.18-18.07.12:293][315]LogModuleManager: Shutting down and abandoning module LinuxTargetPlatform (115)
[2017.11.18-18.07.12:293][315]LogModuleManager: Shutting down and abandoning module LinuxServerTargetPlatform (113)
[2017.11.18-18.07.12:293][315]LogModuleManager: Shutting down and abandoning module LinuxNoEditorTargetPlatform (111)
[2017.11.18-18.07.12:293][315]LogModuleManager: Shutting down and abandoning module LinuxClientTargetPlatform (109)
[2017.11.18-18.07.12:293][315]LogModuleManager: Shutting down and abandoning module TVOSTargetPlatform (107)
[2017.11.18-18.07.12:293][315]LogModuleManager: Shutting down and abandoning module Messaging (105)
[2017.11.18-18.07.12:293][315]LogModuleManager: Shutting down and abandoning module IOSTargetPlatform (103)
[2017.11.18-18.07.12:293][315]LogModuleManager: Shutting down and abandoning module HTML5TargetPlatform (101)
[2017.11.18-18.07.12:293][315]LogModuleManager: Shutting down and abandoning module AndroidTargetPlatform (99)
[2017.11.18-18.07.12:293][315]LogModuleManager: Shutting down and abandoning module Android_PVRTCTargetPlatform (97)
[2017.11.18-18.07.12:293][315]LogModuleManager: Shutting down and abandoning module Android_MultiTargetPlatform (95)
[2017.11.18-18.07.12:293][315]LogModuleManager: Shutting down and abandoning module Android_ETC2TargetPlatform (93)
[2017.11.18-18.07.12:293][315]LogModuleManager: Shutting down and abandoning module Android_ETC1TargetPlatform (91)
[2017.11.18-18.07.12:293][315]LogModuleManager: Shutting down and abandoning module Android_DXTTargetPlatform (89)
[2017.11.18-18.07.12:293][315]LogModuleManager: Shutting down and abandoning module Android_ATCTargetPlatform (87)
[2017.11.18-18.07.12:293][315]LogModuleManager: Shutting down and abandoning module Android_ASTCTargetPlatform (85)
[2017.11.18-18.07.12:293][315]LogModuleManager: Shutting down and abandoning module WindowsTargetPlatform (83)
[2017.11.18-18.07.12:293][315]LogModuleManager: Shutting down and abandoning module WindowsServerTargetPlatform (81)
[2017.11.18-18.07.12:293][315]LogModuleManager: Shutting down and abandoning module WindowsNoEditorTargetPlatform (79)
[2017.11.18-18.07.12:293][315]LogModuleManager: Shutting down and abandoning module WindowsClientTargetPlatform (77)
[2017.11.18-18.07.12:293][315]LogModuleManager: Shutting down and abandoning module MacTargetPlatform (75)
[2017.11.18-18.07.12:293][315]LogModuleManager: Shutting down and abandoning module MacServerTargetPlatform (73)
[2017.11.18-18.07.12:293][315]LogModuleManager: Shutting down and abandoning module MacNoEditorTargetPlatform (71)
[2017.11.18-18.07.12:293][315]LogModuleManager: Shutting down and abandoning module MacClientTargetPlatform (69)
[2017.11.18-18.07.12:293][315]LogModuleManager: Shutting down and abandoning module AllDesktopTargetPlatform (67)
[2017.11.18-18.07.12:293][315]LogModuleManager: Shutting down and abandoning module InputCore (64)
[2017.11.18-18.07.12:293][315]LogModuleManager: Shutting down and abandoning module Settings (62)
[2017.11.18-18.07.12:293][315]LogModuleManager: Shutting down and abandoning module PhysXCooking (60)
[2017.11.18-18.07.12:293][315]LogModuleManager: Shutting down and abandoning module SteamVR (58)
[2017.11.18-18.07.12:293][315]LogModuleManager: Shutting down and abandoning module OculusHMD (56)
[2017.11.18-18.07.12:305][315]LogModuleManager: Shutting down and abandoning module ExampleDeviceProfileSelector (54)
[2017.11.18-18.07.12:305][315]LogModuleManager: Shutting down and abandoning module AppleARKit (52)
[2017.11.18-18.07.12:305][315]LogModuleManager: Shutting down and abandoning module AugmentedReality (51)
[2017.11.18-18.07.12:305][315]LogModuleManager: Shutting down and abandoning module OnlineBlueprintSupport (48)
[2017.11.18-18.07.12:305][315]LogModuleManager: Shutting down and abandoning module OnlineSubsystem (44)
[2017.11.18-18.07.12:333][315]LogModuleManager: Shutting down and abandoning module XMPP (43)
[2017.11.18-18.07.12:365][315]LogModuleManager: Shutting down and abandoning module HTTP (41)
[2017.11.18-18.07.12:365][315]LogHttp: Display: Http module shutting down, but needs to wait on 1 outstanding Http requests:
[2017.11.18-18.07.12:366][315]LogHttp: Display: 	verb=[POST] url=[https://datarouter.ol.epicgames.com/datarouter/api/v1/public/data?SessionID=%7B6985B56B-4BE9-8835-AA24-AFB05657744E%7D&AppID=UEEditor.Rocket.Release&AppVersion=4.18.1-3754814%2B%2B%2BUE4%2BRelease-4.18&UserID=4ce1e0ab43a7b8a7452efba13bb8160a%7Ce547a987144644b4a514964210400fb2%7C01daf024-71e0-41a3-846e-e1d8f14ebf7a&AppEnvironment=datacollector-binary&UploadType=eteventstream] status=Processing
[2017.11.18-18.07.12:381][315]LogModuleManager: Shutting down and abandoning module SSL (40)
[2017.11.18-18.07.12:397][315]LogModuleManager: Shutting down and abandoning module AnimationModifiers (36)
[2017.11.18-18.07.12:398][315]LogModuleManager: Shutting down and abandoning module PropertyEditor (35)
[2017.11.18-18.07.12:398][315]LogModuleManager: Shutting down and abandoning module AudioEditor (32)
[2017.11.18-18.07.12:407][315]LogModuleManager: Shutting down and abandoning module TextureCompressor (30)
[2017.11.18-18.07.12:434][315]LogModuleManager: Shutting down and abandoning module ShaderCore (28)
[2017.11.18-18.07.12:434][315]LogModuleManager: Shutting down and abandoning module Landscape (26)
[2017.11.18-18.07.12:434][315]LogModuleManager: Shutting down and abandoning module SlateRHIRenderer (24)
[2017.11.18-18.07.12:468][315]LogModuleManager: Shutting down and abandoning module OpenGLDrv (22)
[2017.11.18-18.07.12:487][315]LogModuleManager: Shutting down and abandoning module D3D11RHI (20)
[2017.11.18-18.07.12:487][315]LogModuleManager: Shutting down and abandoning module AnimGraphRuntime (18)
[2017.11.18-18.07.12:507][315]LogModuleManager: Shutting down and abandoning module Renderer (16)
[2017.11.18-18.07.12:507][315]LogModuleManager: Shutting down and abandoning module Engine (14)
[2017.11.18-18.07.12:515][315]LogModuleManager: Shutting down and abandoning module CoreUObject (12)
[2017.11.18-18.07.12:515][315]LogModuleManager: Shutting down and abandoning module NetworkFile (10)
[2017.11.18-18.07.12:515][315]LogModuleManager: Shutting down and abandoning module CookedIterativeFile (8)
[2017.11.18-18.07.12:515][315]LogModuleManager: Shutting down and abandoning module StreamingFile (6)
[2017.11.18-18.07.12:515][315]LogModuleManager: Shutting down and abandoning module SandboxFile (4)
[2017.11.18-18.07.12:515][315]LogModuleManager: Shutting down and abandoning module PakFile (2)
[2017.11.18-18.07.12:537][315]LogExit: Exiting.
[2017.11.18-18.07.12:547][315]Log file closed, 11/18/17 19:07:12
